[24-Jun-2015 17:33:31 UTC] PHP Notice:  Trying to get property of non-object in /Users/aaronfrey/Sites/Freelance/PepperLillie-Monday/wp-includes/capabilities.php on line 1155
[24-Jun-2015 17:33:31 UTC] PHP Stack trace:
[24-Jun-2015 17:33:31 UTC] PHP   1. {main}() /Users/aaronfrey/Sites/Freelance/PepperLillie-Monday/wp-admin/plugins.php:0
[24-Jun-2015 17:33:31 UTC] PHP   2. activate_plugin() /Users/aaronfrey/Sites/Freelance/PepperLillie-Monday/wp-admin/plugins.php:42
[24-Jun-2015 17:33:31 UTC] PHP   3. do_action() /Users/aaronfrey/Sites/Freelance/PepperLillie-Monday/wp-admin/includes/plugin.php:575
[24-Jun-2015 17:33:31 UTC] PHP   4. call_user_func_array:{/Users/aaronfrey/Sites/Freelance/PepperLillie-Monday/wp-includes/plugin.php:496}() /Users/aaronfrey/Sites/Freelance/PepperLillie-Monday/wp-includes/plugin.php:496
[24-Jun-2015 17:33:31 UTC] PHP   5. wpfilebase_activate() /Users/aaronfrey/Sites/Freelance/PepperLillie-Monday/wp-includes/plugin.php:496
[24-Jun-2015 17:33:31 UTC] PHP   6. wpfb_loadclass() /Users/aaronfrey/Sites/Freelance/PepperLillie-Monday/wp-content/plugins/wp-filebase-pro/wp-filebase.php:90
[24-Jun-2015 17:33:31 UTC] PHP   7. array_map() /Users/aaronfrey/Sites/Freelance/PepperLillie-Monday/wp-content/plugins/wp-filebase-pro/wp-filebase.php:34
[24-Jun-2015 17:33:31 UTC] PHP   8. wpfb_loadclass() /Users/aaronfrey/Sites/Freelance/PepperLillie-Monday/wp-content/plugins/wp-filebase-pro/wp-filebase.php:34
[24-Jun-2015 17:33:31 UTC] PHP   9. call_user_func:{/Users/aaronfrey/Sites/Freelance/PepperLillie-Monday/wp-content/plugins/wp-filebase-pro/wp-filebase.php:59}() /Users/aaronfrey/Sites/Freelance/PepperLillie-Monday/wp-content/plugins/wp-filebase-pro/wp-filebase.php:59
[24-Jun-2015 17:33:31 UTC] PHP  10. WPFB_Admin::InitClass() /Users/aaronfrey/Sites/Freelance/PepperLillie-Monday/wp-content/plugins/wp-filebase-pro/wp-filebase.php:59
[24-Jun-2015 17:33:31 UTC] PHP  11. wpfb_loadclass() /Users/aaronfrey/Sites/Freelance/PepperLillie-Monday/wp-content/plugins/wp-filebase-pro/classes/Admin.php:9
[24-Jun-2015 17:33:31 UTC] PHP  12. array_map() /Users/aaronfrey/Sites/Freelance/PepperLillie-Monday/wp-content/plugins/wp-filebase-pro/wp-filebase.php:34
[24-Jun-2015 17:33:31 UTC] PHP  13. wpfb_loadclass() /Users/aaronfrey/Sites/Freelance/PepperLillie-Monday/wp-content/plugins/wp-filebase-pro/wp-filebase.php:34
[24-Jun-2015 17:33:31 UTC] PHP  14. call_user_func:{/Users/aaronfrey/Sites/Freelance/PepperLillie-Monday/wp-content/plugins/wp-filebase-pro/wp-filebase.php:59}() /Users/aaronfrey/Sites/Freelance/PepperLillie-Monday/wp-content/plugins/wp-filebase-pro/wp-filebase.php:59
[24-Jun-2015 17:33:31 UTC] PHP  15. WPFB_AdminLite::InitClass() /Users/aaronfrey/Sites/Freelance/PepperLillie-Monday/wp-content/plugins/wp-filebase-pro/wp-filebase.php:59
[24-Jun-2015 17:33:31 UTC] PHP  16. WPFB_AdminLite::CheckChangedVer() /Users/aaronfrey/Sites/Freelance/PepperLillie-Monday/wp-content/plugins/wp-filebase-pro/classes/AdminLite.php:28
[24-Jun-2015 17:33:31 UTC] PHP  17. WPFB_Setup::OnActivateOrVerChange() /Users/aaronfrey/Sites/Freelance/PepperLillie-Monday/wp-content/plugins/wp-filebase-pro/classes/AdminLite.php:154
[24-Jun-2015 17:33:31 UTC] PHP  18. WPFB_File->DBSave() /Users/aaronfrey/Sites/Freelance/PepperLillie-Monday/wp-content/plugins/wp-filebase-pro/classes/Setup.php:673
[24-Jun-2015 17:33:31 UTC] PHP  19. WPFB_File->updateFilePost() /Users/aaronfrey/Sites/Freelance/PepperLillie-Monday/wp-content/plugins/wp-filebase-pro/classes/File.php:234
[24-Jun-2015 17:33:31 UTC] PHP  20. wp_insert_post() /Users/aaronfrey/Sites/Freelance/PepperLillie-Monday/wp-content/plugins/wp-filebase-pro/classes/File.php:701
[24-Jun-2015 17:33:31 UTC] PHP  21. do_action() /Users/aaronfrey/Sites/Freelance/PepperLillie-Monday/wp-includes/post.php:3541
[24-Jun-2015 17:33:31 UTC] PHP  22. call_user_func_array:{/Users/aaronfrey/Sites/Freelance/PepperLillie-Monday/wp-includes/plugin.php:496}() /Users/aaronfrey/Sites/Freelance/PepperLillie-Monday/wp-includes/plugin.php:496
[24-Jun-2015 17:33:31 UTC] PHP  23. SRM_Safe_Redirect_Manager->action_save_post() /Users/aaronfrey/Sites/Freelance/PepperLillie-Monday/wp-includes/plugin.php:496
[24-Jun-2015 17:33:31 UTC] PHP  24. current_user_can() /Users/aaronfrey/Sites/Freelance/PepperLillie-Monday/wp-content/plugins/safe-redirect-manager/safe-redirect-manager.php:516
[24-Jun-2015 17:33:31 UTC] PHP  25. call_user_func_array:{/Users/aaronfrey/Sites/Freelance/PepperLillie-Monday/wp-includes/capabilities.php:1393}() /Users/aaronfrey/Sites/Freelance/PepperLillie-Monday/wp-includes/capabilities.php:1393
[24-Jun-2015 17:33:31 UTC] PHP  26. WP_User->has_cap() /Users/aaronfrey/Sites/Freelance/PepperLillie-Monday/wp-includes/capabilities.php:1393
[24-Jun-2015 17:33:31 UTC] PHP  27. call_user_func_array:{/Users/aaronfrey/Sites/Freelance/PepperLillie-Monday/wp-includes/capabilities.php:999}() /Users/aaronfrey/Sites/Freelance/PepperLillie-Monday/wp-includes/capabilities.php:999
[24-Jun-2015 17:33:31 UTC] PHP  28. map_meta_cap() /Users/aaronfrey/Sites/Freelance/PepperLillie-Monday/wp-includes/capabilities.php:999
[24-Jun-2015 17:33:31 UTC] PHP Notice:  Trying to get property of non-object in /Users/aaronfrey/Sites/Freelance/PepperLillie-Monday/wp-includes/capabilities.php on line 1156
[24-Jun-2015 17:33:31 UTC] PHP Stack trace:
[24-Jun-2015 17:33:31 UTC] PHP   1. {main}() /Users/aaronfrey/Sites/Freelance/PepperLillie-Monday/wp-admin/plugins.php:0
[24-Jun-2015 17:33:31 UTC] PHP   2. activate_plugin() /Users/aaronfrey/Sites/Freelance/PepperLillie-Monday/wp-admin/plugins.php:42
[24-Jun-2015 17:33:31 UTC] PHP   3. do_action() /Users/aaronfrey/Sites/Freelance/PepperLillie-Monday/wp-admin/includes/plugin.php:575
[24-Jun-2015 17:33:31 UTC] PHP   4. call_user_func_array:{/Users/aaronfrey/Sites/Freelance/PepperLillie-Monday/wp-includes/plugin.php:496}() /Users/aaronfrey/Sites/Freelance/PepperLillie-Monday/wp-includes/plugin.php:496
[24-Jun-2015 17:33:31 UTC] PHP   5. wpfilebase_activate() /Users/aaronfrey/Sites/Freelance/PepperLillie-Monday/wp-includes/plugin.php:496
[24-Jun-2015 17:33:31 UTC] PHP   6. wpfb_loadclass() /Users/aaronfrey/Sites/Freelance/PepperLillie-Monday/wp-content/plugins/wp-filebase-pro/wp-filebase.php:90
[24-Jun-2015 17:33:31 UTC] PHP   7. array_map() /Users/aaronfrey/Sites/Freelance/PepperLillie-Monday/wp-content/plugins/wp-filebase-pro/wp-filebase.php:34
[24-Jun-2015 17:33:31 UTC] PHP   8. wpfb_loadclass() /Users/aaronfrey/Sites/Freelance/PepperLillie-Monday/wp-content/plugins/wp-filebase-pro/wp-filebase.php:34
[24-Jun-2015 17:33:31 UTC] PHP   9. call_user_func:{/Users/aaronfrey/Sites/Freelance/PepperLillie-Monday/wp-content/plugins/wp-filebase-pro/wp-filebase.php:59}() /Users/aaronfrey/Sites/Freelance/PepperLillie-Monday/wp-content/plugins/wp-filebase-pro/wp-filebase.php:59
[24-Jun-2015 17:33:31 UTC] PHP  10. WPFB_Admin::InitClass() /Users/aaronfrey/Sites/Freelance/PepperLillie-Monday/wp-content/plugins/wp-filebase-pro/wp-filebase.php:59
[24-Jun-2015 17:33:31 UTC] PHP  11. wpfb_loadclass() /Users/aaronfrey/Sites/Freelance/PepperLillie-Monday/wp-content/plugins/wp-filebase-pro/classes/Admin.php:9
[24-Jun-2015 17:33:31 UTC] PHP  12. array_map() /Users/aaronfrey/Sites/Freelance/PepperLillie-Monday/wp-content/plugins/wp-filebase-pro/wp-filebase.php:34
[24-Jun-2015 17:33:31 UTC] PHP  13. wpfb_loadclass() /Users/aaronfrey/Sites/Freelance/PepperLillie-Monday/wp-content/plugins/wp-filebase-pro/wp-filebase.php:34
[24-Jun-2015 17:33:31 UTC] PHP  14. call_user_func:{/Users/aaronfrey/Sites/Freelance/PepperLillie-Monday/wp-content/plugins/wp-filebase-pro/wp-filebase.php:59}() /Users/aaronfrey/Sites/Freelance/PepperLillie-Monday/wp-content/plugins/wp-filebase-pro/wp-filebase.php:59
[24-Jun-2015 17:33:31 UTC] PHP  15. WPFB_AdminLite::InitClass() /Users/aaronfrey/Sites/Freelance/PepperLillie-Monday/wp-content/plugins/wp-filebase-pro/wp-filebase.php:59
[24-Jun-2015 17:33:31 UTC] PHP  16. WPFB_AdminLite::CheckChangedVer() /Users/aaronfrey/Sites/Freelance/PepperLillie-Monday/wp-content/plugins/wp-filebase-pro/classes/AdminLite.php:28
[24-Jun-2015 17:33:31 UTC] PHP  17. WPFB_Setup::OnActivateOrVerChange() /Users/aaronfrey/Sites/Freelance/PepperLillie-Monday/wp-content/plugins/wp-filebase-pro/classes/AdminLite.php:154
[24-Jun-2015 17:33:31 UTC] PHP  18. WPFB_File->DBSave() /Users/aaronfrey/Sites/Freelance/PepperLillie-Monday/wp-content/plugins/wp-filebase-pro/classes/Setup.php:673
[24-Jun-2015 17:33:31 UTC] PHP  19. WPFB_File->updateFilePost() /Users/aaronfrey/Sites/Freelance/PepperLillie-Monday/wp-content/plugins/wp-filebase-pro/classes/File.php:234
[24-Jun-2015 17:33:31 UTC] PHP  20. wp_insert_post() /Users/aaronfrey/Sites/Freelance/PepperLillie-Monday/wp-content/plugins/wp-filebase-pro/classes/File.php:701
[24-Jun-2015 17:33:31 UTC] PHP  21. do_action() /Users/aaronfrey/Sites/Freelance/PepperLillie-Monday/wp-includes/post.php:3541
[24-Jun-2015 17:33:31 UTC] PHP  22. call_user_func_array:{/Users/aaronfrey/Sites/Freelance/PepperLillie-Monday/wp-includes/plugin.php:496}() /Users/aaronfrey/Sites/Freelance/PepperLillie-Monday/wp-includes/plugin.php:496
[24-Jun-2015 17:33:31 UTC] PHP  23. SRM_Safe_Redirect_Manager->action_save_post() /Users/aaronfrey/Sites/Freelance/PepperLillie-Monday/wp-includes/plugin.php:496
[24-Jun-2015 17:33:31 UTC] PHP  24. current_user_can() /Users/aaronfrey/Sites/Freelance/PepperLillie-Monday/wp-content/plugins/safe-redirect-manager/safe-redirect-manager.php:516
[24-Jun-2015 17:33:31 UTC] PHP  25. call_user_func_array:{/Users/aaronfrey/Sites/Freelance/PepperLillie-Monday/wp-includes/capabilities.php:1393}() /Users/aaronfrey/Sites/Freelance/PepperLillie-Monday/wp-includes/capabilities.php:1393
[24-Jun-2015 17:33:31 UTC] PHP  26. WP_User->has_cap() /Users/aaronfrey/Sites/Freelance/PepperLillie-Monday/wp-includes/capabilities.php:1393
[24-Jun-2015 17:33:31 UTC] PHP  27. call_user_func_array:{/Users/aaronfrey/Sites/Freelance/PepperLillie-Monday/wp-includes/capabilities.php:999}() /Users/aaronfrey/Sites/Freelance/PepperLillie-Monday/wp-includes/capabilities.php:999
[24-Jun-2015 17:33:31 UTC] PHP  28. map_meta_cap() /Users/aaronfrey/Sites/Freelance/PepperLillie-Monday/wp-includes/capabilities.php:999
[24-Jun-2015 17:33:31 UTC] PHP Notice:  Trying to get property of non-object in /Users/aaronfrey/Sites/Freelance/PepperLillie-Monday/wp-includes/capabilities.php on line 1156
[24-Jun-2015 17:33:31 UTC] PHP Stack trace:
[24-Jun-2015 17:33:31 UTC] PHP   1. {main}() /Users/aaronfrey/Sites/Freelance/PepperLillie-Monday/wp-admin/plugins.php:0
[24-Jun-2015 17:33:31 UTC] PHP   2. activate_plugin() /Users/aaronfrey/Sites/Freelance/PepperLillie-Monday/wp-admin/plugins.php:42
[24-Jun-2015 17:33:31 UTC] PHP   3. do_action() /Users/aaronfrey/Sites/Freelance/PepperLillie-Monday/wp-admin/includes/plugin.php:575
[24-Jun-2015 17:33:31 UTC] PHP   4. call_user_func_array:{/Users/aaronfrey/Sites/Freelance/PepperLillie-Monday/wp-includes/plugin.php:496}() /Users/aaronfrey/Sites/Freelance/PepperLillie-Monday/wp-includes/plugin.php:496
[24-Jun-2015 17:33:31 UTC] PHP   5. wpfilebase_activate() /Users/aaronfrey/Sites/Freelance/PepperLillie-Monday/wp-includes/plugin.php:496
[24-Jun-2015 17:33:31 UTC] PHP   6. wpfb_loadclass() /Users/aaronfrey/Sites/Freelance/PepperLillie-Monday/wp-content/plugins/wp-filebase-pro/wp-filebase.php:90
[24-Jun-2015 17:33:31 UTC] PHP   7. array_map() /Users/aaronfrey/Sites/Freelance/PepperLillie-Monday/wp-content/plugins/wp-filebase-pro/wp-filebase.php:34
[24-Jun-2015 17:33:31 UTC] PHP   8. wpfb_loadclass() /Users/aaronfrey/Sites/Freelance/PepperLillie-Monday/wp-content/plugins/wp-filebase-pro/wp-filebase.php:34
[24-Jun-2015 17:33:31 UTC] PHP   9. call_user_func:{/Users/aaronfrey/Sites/Freelance/PepperLillie-Monday/wp-content/plugins/wp-filebase-pro/wp-filebase.php:59}() /Users/aaronfrey/Sites/Freelance/PepperLillie-Monday/wp-content/plugins/wp-filebase-pro/wp-filebase.php:59
[24-Jun-2015 17:33:31 UTC] PHP  10. WPFB_Admin::InitClass() /Users/aaronfrey/Sites/Freelance/PepperLillie-Monday/wp-content/plugins/wp-filebase-pro/wp-filebase.php:59
[24-Jun-2015 17:33:31 UTC] PHP  11. wpfb_loadclass() /Users/aaronfrey/Sites/Freelance/PepperLillie-Monday/wp-content/plugins/wp-filebase-pro/classes/Admin.php:9
[24-Jun-2015 17:33:31 UTC] PHP  12. array_map() /Users/aaronfrey/Sites/Freelance/PepperLillie-Monday/wp-content/plugins/wp-filebase-pro/wp-filebase.php:34
[24-Jun-2015 17:33:31 UTC] PHP  13. wpfb_loadclass() /Users/aaronfrey/Sites/Freelance/PepperLillie-Monday/wp-content/plugins/wp-filebase-pro/wp-filebase.php:34
[24-Jun-2015 17:33:31 UTC] PHP  14. call_user_func:{/Users/aaronfrey/Sites/Freelance/PepperLillie-Monday/wp-content/plugins/wp-filebase-pro/wp-filebase.php:59}() /Users/aaronfrey/Sites/Freelance/PepperLillie-Monday/wp-content/plugins/wp-filebase-pro/wp-filebase.php:59
[24-Jun-2015 17:33:31 UTC] PHP  15. WPFB_AdminLite::InitClass() /Users/aaronfrey/Sites/Freelance/PepperLillie-Monday/wp-content/plugins/wp-filebase-pro/wp-filebase.php:59
[24-Jun-2015 17:33:31 UTC] PHP  16. WPFB_AdminLite::CheckChangedVer() /Users/aaronfrey/Sites/Freelance/PepperLillie-Monday/wp-content/plugins/wp-filebase-pro/classes/AdminLite.php:28
[24-Jun-2015 17:33:31 UTC] PHP  17. WPFB_Setup::OnActivateOrVerChange() /Users/aaronfrey/Sites/Freelance/PepperLillie-Monday/wp-content/plugins/wp-filebase-pro/classes/AdminLite.php:154
[24-Jun-2015 17:33:31 UTC] PHP  18. WPFB_File->DBSave() /Users/aaronfrey/Sites/Freelance/PepperLillie-Monday/wp-content/plugins/wp-filebase-pro/classes/Setup.php:673
[24-Jun-2015 17:33:31 UTC] PHP  19. WPFB_File->updateFilePost() /Users/aaronfrey/Sites/Freelance/PepperLillie-Monday/wp-content/plugins/wp-filebase-pro/classes/File.php:234
[24-Jun-2015 17:33:31 UTC] PHP  20. wp_insert_post() /Users/aaronfrey/Sites/Freelance/PepperLillie-Monday/wp-content/plugins/wp-filebase-pro/classes/File.php:701
[24-Jun-2015 17:33:31 UTC] PHP  21. do_action() /Users/aaronfrey/Sites/Freelance/PepperLillie-Monday/wp-includes/post.php:3541
[24-Jun-2015 17:33:31 UTC] PHP  22. call_user_func_array:{/Users/aaronfrey/Sites/Freelance/PepperLillie-Monday/wp-includes/plugin.php:496}() /Users/aaronfrey/Sites/Freelance/PepperLillie-Monday/wp-includes/plugin.php:496
[24-Jun-2015 17:33:31 UTC] PHP  23. SRM_Safe_Redirect_Manager->action_save_post() /Users/aaronfrey/Sites/Freelance/PepperLillie-Monday/wp-includes/plugin.php:496
[24-Jun-2015 17:33:31 UTC] PHP  24. current_user_can() /Users/aaronfrey/Sites/Freelance/PepperLillie-Monday/wp-content/plugins/safe-redirect-manager/safe-redirect-manager.php:516
[24-Jun-2015 17:33:31 UTC] PHP  25. call_user_func_array:{/Users/aaronfrey/Sites/Freelance/PepperLillie-Monday/wp-includes/capabilities.php:1393}() /Users/aaronfrey/Sites/Freelance/PepperLillie-Monday/wp-includes/capabilities.php:1393
[24-Jun-2015 17:33:31 UTC] PHP  26. WP_User->has_cap() /Users/aaronfrey/Sites/Freelance/PepperLillie-Monday/wp-includes/capabilities.php:1393
[24-Jun-2015 17:33:31 UTC] PHP  27. call_user_func_array:{/Users/aaronfrey/Sites/Freelance/PepperLillie-Monday/wp-includes/capabilities.php:999}() /Users/aaronfrey/Sites/Freelance/PepperLillie-Monday/wp-includes/capabilities.php:999
[24-Jun-2015 17:33:31 UTC] PHP  28. map_meta_cap() /Users/aaronfrey/Sites/Freelance/PepperLillie-Monday/wp-includes/capabilities.php:999
[24-Jun-2015 17:33:31 UTC] PHP Notice:  Trying to get property of non-object in /Users/aaronfrey/Sites/Freelance/PepperLillie-Monday/wp-includes/capabilities.php on line 1159
[24-Jun-2015 17:33:31 UTC] PHP Stack trace:
[24-Jun-2015 17:33:31 UTC] PHP   1. {main}() /Users/aaronfrey/Sites/Freelance/PepperLillie-Monday/wp-admin/plugins.php:0
[24-Jun-2015 17:33:31 UTC] PHP   2. activate_plugin() /Users/aaronfrey/Sites/Freelance/PepperLillie-Monday/wp-admin/plugins.php:42
[24-Jun-2015 17:33:31 UTC] PHP   3. do_action() /Users/aaronfrey/Sites/Freelance/PepperLillie-Monday/wp-admin/includes/plugin.php:575
[24-Jun-2015 17:33:31 UTC] PHP   4. call_user_func_array:{/Users/aaronfrey/Sites/Freelance/PepperLillie-Monday/wp-includes/plugin.php:496}() /Users/aaronfrey/Sites/Freelance/PepperLillie-Monday/wp-includes/plugin.php:496
[24-Jun-2015 17:33:31 UTC] PHP   5. wpfilebase_activate() /Users/aaronfrey/Sites/Freelance/PepperLillie-Monday/wp-includes/plugin.php:496
[24-Jun-2015 17:33:31 UTC] PHP   6. wpfb_loadclass() /Users/aaronfrey/Sites/Freelance/PepperLillie-Monday/wp-content/plugins/wp-filebase-pro/wp-filebase.php:90
[24-Jun-2015 17:33:31 UTC] PHP   7. array_map() /Users/aaronfrey/Sites/Freelance/PepperLillie-Monday/wp-content/plugins/wp-filebase-pro/wp-filebase.php:34
[24-Jun-2015 17:33:31 UTC] PHP   8. wpfb_loadclass() /Users/aaronfrey/Sites/Freelance/PepperLillie-Monday/wp-content/plugins/wp-filebase-pro/wp-filebase.php:34
[24-Jun-2015 17:33:31 UTC] PHP   9. call_user_func:{/Users/aaronfrey/Sites/Freelance/PepperLillie-Monday/wp-content/plugins/wp-filebase-pro/wp-filebase.php:59}() /Users/aaronfrey/Sites/Freelance/PepperLillie-Monday/wp-content/plugins/wp-filebase-pro/wp-filebase.php:59
[24-Jun-2015 17:33:31 UTC] PHP  10. WPFB_Admin::InitClass() /Users/aaronfrey/Sites/Freelance/PepperLillie-Monday/wp-content/plugins/wp-filebase-pro/wp-filebase.php:59
[24-Jun-2015 17:33:31 UTC] PHP  11. wpfb_loadclass() /Users/aaronfrey/Sites/Freelance/PepperLillie-Monday/wp-content/plugins/wp-filebase-pro/classes/Admin.php:9
[24-Jun-2015 17:33:31 UTC] PHP  12. array_map() /Users/aaronfrey/Sites/Freelance/PepperLillie-Monday/wp-content/plugins/wp-filebase-pro/wp-filebase.php:34
[24-Jun-2015 17:33:31 UTC] PHP  13. wpfb_loadclass() /Users/aaronfrey/Sites/Freelance/PepperLillie-Monday/wp-content/plugins/wp-filebase-pro/wp-filebase.php:34
[24-Jun-2015 17:33:31 UTC] PHP  14. call_user_func:{/Users/aaronfrey/Sites/Freelance/PepperLillie-Monday/wp-content/plugins/wp-filebase-pro/wp-filebase.php:59}() /Users/aaronfrey/Sites/Freelance/PepperLillie-Monday/wp-content/plugins/wp-filebase-pro/wp-filebase.php:59
[24-Jun-2015 17:33:31 UTC] PHP  15. WPFB_AdminLite::InitClass() /Users/aaronfrey/Sites/Freelance/PepperLillie-Monday/wp-content/plugins/wp-filebase-pro/wp-filebase.php:59
[24-Jun-2015 17:33:31 UTC] PHP  16. WPFB_AdminLite::CheckChangedVer() /Users/aaronfrey/Sites/Freelance/PepperLillie-Monday/wp-content/plugins/wp-filebase-pro/classes/AdminLite.php:28
[24-Jun-2015 17:33:31 UTC] PHP  17. WPFB_Setup::OnActivateOrVerChange() /Users/aaronfrey/Sites/Freelance/PepperLillie-Monday/wp-content/plugins/wp-filebase-pro/classes/AdminLite.php:154
[24-Jun-2015 17:33:31 UTC] PHP  18. WPFB_File->DBSave() /Users/aaronfrey/Sites/Freelance/PepperLillie-Monday/wp-content/plugins/wp-filebase-pro/classes/Setup.php:673
[24-Jun-2015 17:33:31 UTC] PHP  19. WPFB_File->updateFilePost() /Users/aaronfrey/Sites/Freelance/PepperLillie-Monday/wp-content/plugins/wp-filebase-pro/classes/File.php:234
[24-Jun-2015 17:33:31 UTC] PHP  20. wp_insert_post() /Users/aaronfrey/Sites/Freelance/PepperLillie-Monday/wp-content/plugins/wp-filebase-pro/classes/File.php:701
[24-Jun-2015 17:33:31 UTC] PHP  21. do_action() /Users/aaronfrey/Sites/Freelance/PepperLillie-Monday/wp-includes/post.php:3541
[24-Jun-2015 17:33:31 UTC] PHP  22. call_user_func_array:{/Users/aaronfrey/Sites/Freelance/PepperLillie-Monday/wp-includes/plugin.php:496}() /Users/aaronfrey/Sites/Freelance/PepperLillie-Monday/wp-includes/plugin.php:496
[24-Jun-2015 17:33:31 UTC] PHP  23. SRM_Safe_Redirect_Manager->action_save_post() /Users/aaronfrey/Sites/Freelance/PepperLillie-Monday/wp-includes/plugin.php:496
[24-Jun-2015 17:33:31 UTC] PHP  24. current_user_can() /Users/aaronfrey/Sites/Freelance/PepperLillie-Monday/wp-content/plugins/safe-redirect-manager/safe-redirect-manager.php:516
[24-Jun-2015 17:33:31 UTC] PHP  25. call_user_func_array:{/Users/aaronfrey/Sites/Freelance/PepperLillie-Monday/wp-includes/capabilities.php:1393}() /Users/aaronfrey/Sites/Freelance/PepperLillie-Monday/wp-includes/capabilities.php:1393
[24-Jun-2015 17:33:31 UTC] PHP  26. WP_User->has_cap() /Users/aaronfrey/Sites/Freelance/PepperLillie-Monday/wp-includes/capabilities.php:1393
[24-Jun-2015 17:33:31 UTC] PHP  27. call_user_func_array:{/Users/aaronfrey/Sites/Freelance/PepperLillie-Monday/wp-includes/capabilities.php:999}() /Users/aaronfrey/Sites/Freelance/PepperLillie-Monday/wp-includes/capabilities.php:999
[24-Jun-2015 17:33:31 UTC] PHP  28. map_meta_cap() /Users/aaronfrey/Sites/Freelance/PepperLillie-Monday/wp-includes/capabilities.php:999
[24-Jun-2015 17:33:31 UTC] PHP Notice:  Trying to get property of non-object in /Users/aaronfrey/Sites/Freelance/PepperLillie-Monday/wp-includes/capabilities.php on line 1159
[24-Jun-2015 17:33:31 UTC] PHP Stack trace:
[24-Jun-2015 17:33:31 UTC] PHP   1. {main}() /Users/aaronfrey/Sites/Freelance/PepperLillie-Monday/wp-admin/plugins.php:0
[24-Jun-2015 17:33:31 UTC] PHP   2. activate_plugin() /Users/aaronfrey/Sites/Freelance/PepperLillie-Monday/wp-admin/plugins.php:42
[24-Jun-2015 17:33:31 UTC] PHP   3. do_action() /Users/aaronfrey/Sites/Freelance/PepperLillie-Monday/wp-admin/includes/plugin.php:575
[24-Jun-2015 17:33:31 UTC] PHP   4. call_user_func_array:{/Users/aaronfrey/Sites/Freelance/PepperLillie-Monday/wp-includes/plugin.php:496}() /Users/aaronfrey/Sites/Freelance/PepperLillie-Monday/wp-includes/plugin.php:496
[24-Jun-2015 17:33:31 UTC] PHP   5. wpfilebase_activate() /Users/aaronfrey/Sites/Freelance/PepperLillie-Monday/wp-includes/plugin.php:496
[24-Jun-2015 17:33:31 UTC] PHP   6. wpfb_loadclass() /Users/aaronfrey/Sites/Freelance/PepperLillie-Monday/wp-content/plugins/wp-filebase-pro/wp-filebase.php:90
[24-Jun-2015 17:33:31 UTC] PHP   7. array_map() /Users/aaronfrey/Sites/Freelance/PepperLillie-Monday/wp-content/plugins/wp-filebase-pro/wp-filebase.php:34
[24-Jun-2015 17:33:31 UTC] PHP   8. wpfb_loadclass() /Users/aaronfrey/Sites/Freelance/PepperLillie-Monday/wp-content/plugins/wp-filebase-pro/wp-filebase.php:34
[24-Jun-2015 17:33:31 UTC] PHP   9. call_user_func:{/Users/aaronfrey/Sites/Freelance/PepperLillie-Monday/wp-content/plugins/wp-filebase-pro/wp-filebase.php:59}() /Users/aaronfrey/Sites/Freelance/PepperLillie-Monday/wp-content/plugins/wp-filebase-pro/wp-filebase.php:59
[24-Jun-2015 17:33:31 UTC] PHP  10. WPFB_Admin::InitClass() /Users/aaronfrey/Sites/Freelance/PepperLillie-Monday/wp-content/plugins/wp-filebase-pro/wp-filebase.php:59
[24-Jun-2015 17:33:31 UTC] PHP  11. wpfb_loadclass() /Users/aaronfrey/Sites/Freelance/PepperLillie-Monday/wp-content/plugins/wp-filebase-pro/classes/Admin.php:9
[24-Jun-2015 17:33:31 UTC] PHP  12. array_map() /Users/aaronfrey/Sites/Freelance/PepperLillie-Monday/wp-content/plugins/wp-filebase-pro/wp-filebase.php:34
[24-Jun-2015 17:33:31 UTC] PHP  13. wpfb_loadclass() /Users/aaronfrey/Sites/Freelance/PepperLillie-Monday/wp-content/plugins/wp-filebase-pro/wp-filebase.php:34
[24-Jun-2015 17:33:31 UTC] PHP  14. call_user_func:{/Users/aaronfrey/Sites/Freelance/PepperLillie-Monday/wp-content/plugins/wp-filebase-pro/wp-filebase.php:59}() /Users/aaronfrey/Sites/Freelance/PepperLillie-Monday/wp-content/plugins/wp-filebase-pro/wp-filebase.php:59
[24-Jun-2015 17:33:31 UTC] PHP  15. WPFB_AdminLite::InitClass() /Users/aaronfrey/Sites/Freelance/PepperLillie-Monday/wp-content/plugins/wp-filebase-pro/wp-filebase.php:59
[24-Jun-2015 17:33:31 UTC] PHP  16. WPFB_AdminLite::CheckChangedVer() /Users/aaronfrey/Sites/Freelance/PepperLillie-Monday/wp-content/plugins/wp-filebase-pro/classes/AdminLite.php:28
[24-Jun-2015 17:33:31 UTC] PHP  17. WPFB_Setup::OnActivateOrVerChange() /Users/aaronfrey/Sites/Freelance/PepperLillie-Monday/wp-content/plugins/wp-filebase-pro/classes/AdminLite.php:154
[24-Jun-2015 17:33:31 UTC] PHP  18. WPFB_File->DBSave() /Users/aaronfrey/Sites/Freelance/PepperLillie-Monday/wp-content/plugins/wp-filebase-pro/classes/Setup.php:673
[24-Jun-2015 17:33:31 UTC] PHP  19. WPFB_File->updateFilePost() /Users/aaronfrey/Sites/Freelance/PepperLillie-Monday/wp-content/plugins/wp-filebase-pro/classes/File.php:234
[24-Jun-2015 17:33:31 UTC] PHP  20. wp_insert_post() /Users/aaronfrey/Sites/Freelance/PepperLillie-Monday/wp-content/plugins/wp-filebase-pro/classes/File.php:701
[24-Jun-2015 17:33:31 UTC] PHP  21. do_action() /Users/aaronfrey/Sites/Freelance/PepperLillie-Monday/wp-includes/post.php:3541
[24-Jun-2015 17:33:31 UTC] PHP  22. call_user_func_array:{/Users/aaronfrey/Sites/Freelance/PepperLillie-Monday/wp-includes/plugin.php:496}() /Users/aaronfrey/Sites/Freelance/PepperLillie-Monday/wp-includes/plugin.php:496
[24-Jun-2015 17:33:31 UTC] PHP  23. SRM_Safe_Redirect_Manager->action_save_post() /Users/aaronfrey/Sites/Freelance/PepperLillie-Monday/wp-includes/plugin.php:496
[24-Jun-2015 17:33:31 UTC] PHP  24. current_user_can() /Users/aaronfrey/Sites/Freelance/PepperLillie-Monday/wp-content/plugins/safe-redirect-manager/safe-redirect-manager.php:516
[24-Jun-2015 17:33:31 UTC] PHP  25. call_user_func_array:{/Users/aaronfrey/Sites/Freelance/PepperLillie-Monday/wp-includes/capabilities.php:1393}() /Users/aaronfrey/Sites/Freelance/PepperLillie-Monday/wp-includes/capabilities.php:1393
[24-Jun-2015 17:33:31 UTC] PHP  26. WP_User->has_cap() /Users/aaronfrey/Sites/Freelance/PepperLillie-Monday/wp-includes/capabilities.php:1393
[24-Jun-2015 17:33:31 UTC] PHP  27. call_user_func_array:{/Users/aaronfrey/Sites/Freelance/PepperLillie-Monday/wp-includes/capabilities.php:999}() /Users/aaronfrey/Sites/Freelance/PepperLillie-Monday/wp-includes/capabilities.php:999
[24-Jun-2015 17:33:31 UTC] PHP  28. map_meta_cap() /Users/aaronfrey/Sites/Freelance/PepperLillie-Monday/wp-includes/capabilities.php:999
[24-Jun-2015 17:33:32 UTC] PHP Notice:  Trying to get property of non-object in /Users/aaronfrey/Sites/Freelance/PepperLillie-Monday/wp-includes/capabilities.php on line 1155
[24-Jun-2015 17:33:32 UTC] PHP Stack trace:
[24-Jun-2015 17:33:32 UTC] PHP   1. {main}() /Users/aaronfrey/Sites/Freelance/PepperLillie-Monday/wp-admin/plugins.php:0
[24-Jun-2015 17:33:32 UTC] PHP   2. activate_plugin() /Users/aaronfrey/Sites/Freelance/PepperLillie-Monday/wp-admin/plugins.php:42
[24-Jun-2015 17:33:32 UTC] PHP   3. do_action() /Users/aaronfrey/Sites/Freelance/PepperLillie-Monday/wp-admin/includes/plugin.php:575
[24-Jun-2015 17:33:32 UTC] PHP   4. call_user_func_array:{/Users/aaronfrey/Sites/Freelance/PepperLillie-Monday/wp-includes/plugin.php:496}() /Users/aaronfrey/Sites/Freelance/PepperLillie-Monday/wp-includes/plugin.php:496
[24-Jun-2015 17:33:32 UTC] PHP   5. wpfilebase_activate() /Users/aaronfrey/Sites/Freelance/PepperLillie-Monday/wp-includes/plugin.php:496
[24-Jun-2015 17:33:32 UTC] PHP   6. wpfb_loadclass() /Users/aaronfrey/Sites/Freelance/PepperLillie-Monday/wp-content/plugins/wp-filebase-pro/wp-filebase.php:90
[24-Jun-2015 17:33:32 UTC] PHP   7. array_map() /Users/aaronfrey/Sites/Freelance/PepperLillie-Monday/wp-content/plugins/wp-filebase-pro/wp-filebase.php:34
[24-Jun-2015 17:33:32 UTC] PHP   8. wpfb_loadclass() /Users/aaronfrey/Sites/Freelance/PepperLillie-Monday/wp-content/plugins/wp-filebase-pro/wp-filebase.php:34
[24-Jun-2015 17:33:32 UTC] PHP   9. call_user_func:{/Users/aaronfrey/Sites/Freelance/PepperLillie-Monday/wp-content/plugins/wp-filebase-pro/wp-filebase.php:59}() /Users/aaronfrey/Sites/Freelance/PepperLillie-Monday/wp-content/plugins/wp-filebase-pro/wp-filebase.php:59
[24-Jun-2015 17:33:32 UTC] PHP  10. WPFB_Admin::InitClass() /Users/aaronfrey/Sites/Freelance/PepperLillie-Monday/wp-content/plugins/wp-filebase-pro/wp-filebase.php:59
[24-Jun-2015 17:33:32 UTC] PHP  11. wpfb_loadclass() /Users/aaronfrey/Sites/Freelance/PepperLillie-Monday/wp-content/plugins/wp-filebase-pro/classes/Admin.php:9
[24-Jun-2015 17:33:32 UTC] PHP  12. array_map() /Users/aaronfrey/Sites/Freelance/PepperLillie-Monday/wp-content/plugins/wp-filebase-pro/wp-filebase.php:34
[24-Jun-2015 17:33:32 UTC] PHP  13. wpfb_loadclass() /Users/aaronfrey/Sites/Freelance/PepperLillie-Monday/wp-content/plugins/wp-filebase-pro/wp-filebase.php:34
[24-Jun-2015 17:33:32 UTC] PHP  14. call_user_func:{/Users/aaronfrey/Sites/Freelance/PepperLillie-Monday/wp-content/plugins/wp-filebase-pro/wp-filebase.php:59}() /Users/aaronfrey/Sites/Freelance/PepperLillie-Monday/wp-content/plugins/wp-filebase-pro/wp-filebase.php:59
[24-Jun-2015 17:33:32 UTC] PHP  15. WPFB_AdminLite::InitClass() /Users/aaronfrey/Sites/Freelance/PepperLillie-Monday/wp-content/plugins/wp-filebase-pro/wp-filebase.php:59
[24-Jun-2015 17:33:32 UTC] PHP  16. WPFB_AdminLite::CheckChangedVer() /Users/aaronfrey/Sites/Freelance/PepperLillie-Monday/wp-content/plugins/wp-filebase-pro/classes/AdminLite.php:28
[24-Jun-2015 17:33:32 UTC] PHP  17. WPFB_Setup::OnActivateOrVerChange() /Users/aaronfrey/Sites/Freelance/PepperLillie-Monday/wp-content/plugins/wp-filebase-pro/classes/AdminLite.php:154
[24-Jun-2015 17:33:32 UTC] PHP  18. WPFB_File->DBSave() /Users/aaronfrey/Sites/Freelance/PepperLillie-Monday/wp-content/plugins/wp-filebase-pro/classes/Setup.php:673
[24-Jun-2015 17:33:32 UTC] PHP  19. WPFB_File->updateFilePost() /Users/aaronfrey/Sites/Freelance/PepperLillie-Monday/wp-content/plugins/wp-filebase-pro/classes/File.php:234
[24-Jun-2015 17:33:32 UTC] PHP  20. wp_insert_post() /Users/aaronfrey/Sites/Freelance/PepperLillie-Monday/wp-content/plugins/wp-filebase-pro/classes/File.php:701
[24-Jun-2015 17:33:32 UTC] PHP  21. do_action() /Users/aaronfrey/Sites/Freelance/PepperLillie-Monday/wp-includes/post.php:3541
[24-Jun-2015 17:33:32 UTC] PHP  22. call_user_func_array:{/Users/aaronfrey/Sites/Freelance/PepperLillie-Monday/wp-includes/plugin.php:496}() /Users/aaronfrey/Sites/Freelance/PepperLillie-Monday/wp-includes/plugin.php:496
[24-Jun-2015 17:33:32 UTC] PHP  23. SRM_Safe_Redirect_Manager->action_save_post() /Users/aaronfrey/Sites/Freelance/PepperLillie-Monday/wp-includes/plugin.php:496
[24-Jun-2015 17:33:32 UTC] PHP  24. current_user_can() /Users/aaronfrey/Sites/Freelance/PepperLillie-Monday/wp-content/plugins/safe-redirect-manager/safe-redirect-manager.php:516
[24-Jun-2015 17:33:32 UTC] PHP  25. call_user_func_array:{/Users/aaronfrey/Sites/Freelance/PepperLillie-Monday/wp-includes/capabilities.php:1393}() /Users/aaronfrey/Sites/Freelance/PepperLillie-Monday/wp-includes/capabilities.php:1393
[24-Jun-2015 17:33:32 UTC] PHP  26. WP_User->has_cap() /Users/aaronfrey/Sites/Freelance/PepperLillie-Monday/wp-includes/capabilities.php:1393
[24-Jun-2015 17:33:32 UTC] PHP  27. call_user_func_array:{/Users/aaronfrey/Sites/Freelance/PepperLillie-Monday/wp-includes/capabilities.php:999}() /Users/aaronfrey/Sites/Freelance/PepperLillie-Monday/wp-includes/capabilities.php:999
[24-Jun-2015 17:33:32 UTC] PHP  28. map_meta_cap() /Users/aaronfrey/Sites/Freelance/PepperLillie-Monday/wp-includes/capabilities.php:999
[24-Jun-2015 17:33:32 UTC] PHP Notice:  Trying to get property of non-object in /Users/aaronfrey/Sites/Freelance/PepperLillie-Monday/wp-includes/capabilities.php on line 1156
[24-Jun-2015 17:33:32 UTC] PHP Stack trace:
[24-Jun-2015 17:33:32 UTC] PHP   1. {main}() /Users/aaronfrey/Sites/Freelance/PepperLillie-Monday/wp-admin/plugins.php:0
[24-Jun-2015 17:33:32 UTC] PHP   2. activate_plugin() /Users/aaronfrey/Sites/Freelance/PepperLillie-Monday/wp-admin/plugins.php:42
[24-Jun-2015 17:33:32 UTC] PHP   3. do_action() /Users/aaronfrey/Sites/Freelance/PepperLillie-Monday/wp-admin/includes/plugin.php:575
[24-Jun-2015 17:33:32 UTC] PHP   4. call_user_func_array:{/Users/aaronfrey/Sites/Freelance/PepperLillie-Monday/wp-includes/plugin.php:496}() /Users/aaronfrey/Sites/Freelance/PepperLillie-Monday/wp-includes/plugin.php:496
[24-Jun-2015 17:33:32 UTC] PHP   5. wpfilebase_activate() /Users/aaronfrey/Sites/Freelance/PepperLillie-Monday/wp-includes/plugin.php:496
[24-Jun-2015 17:33:32 UTC] PHP   6. wpfb_loadclass() /Users/aaronfrey/Sites/Freelance/PepperLillie-Monday/wp-content/plugins/wp-filebase-pro/wp-filebase.php:90
[24-Jun-2015 17:33:32 UTC] PHP   7. array_map() /Users/aaronfrey/Sites/Freelance/PepperLillie-Monday/wp-content/plugins/wp-filebase-pro/wp-filebase.php:34
[24-Jun-2015 17:33:32 UTC] PHP   8. wpfb_loadclass() /Users/aaronfrey/Sites/Freelance/PepperLillie-Monday/wp-content/plugins/wp-filebase-pro/wp-filebase.php:34
[24-Jun-2015 17:33:32 UTC] PHP   9. call_user_func:{/Users/aaronfrey/Sites/Freelance/PepperLillie-Monday/wp-content/plugins/wp-filebase-pro/wp-filebase.php:59}() /Users/aaronfrey/Sites/Freelance/PepperLillie-Monday/wp-content/plugins/wp-filebase-pro/wp-filebase.php:59
[24-Jun-2015 17:33:32 UTC] PHP  10. WPFB_Admin::InitClass() /Users/aaronfrey/Sites/Freelance/PepperLillie-Monday/wp-content/plugins/wp-filebase-pro/wp-filebase.php:59
[24-Jun-2015 17:33:32 UTC] PHP  11. wpfb_loadclass() /Users/aaronfrey/Sites/Freelance/PepperLillie-Monday/wp-content/plugins/wp-filebase-pro/classes/Admin.php:9
[24-Jun-2015 17:33:32 UTC] PHP  12. array_map() /Users/aaronfrey/Sites/Freelance/PepperLillie-Monday/wp-content/plugins/wp-filebase-pro/wp-filebase.php:34
[24-Jun-2015 17:33:32 UTC] PHP  13. wpfb_loadclass() /Users/aaronfrey/Sites/Freelance/PepperLillie-Monday/wp-content/plugins/wp-filebase-pro/wp-filebase.php:34
[24-Jun-2015 17:33:32 UTC] PHP  14. call_user_func:{/Users/aaronfrey/Sites/Freelance/PepperLillie-Monday/wp-content/plugins/wp-filebase-pro/wp-filebase.php:59}() /Users/aaronfrey/Sites/Freelance/PepperLillie-Monday/wp-content/plugins/wp-filebase-pro/wp-filebase.php:59
[24-Jun-2015 17:33:32 UTC] PHP  15. WPFB_AdminLite::InitClass() /Users/aaronfrey/Sites/Freelance/PepperLillie-Monday/wp-content/plugins/wp-filebase-pro/wp-filebase.php:59
[24-Jun-2015 17:33:32 UTC] PHP  16. WPFB_AdminLite::CheckChangedVer() /Users/aaronfrey/Sites/Freelance/PepperLillie-Monday/wp-content/plugins/wp-filebase-pro/classes/AdminLite.php:28
[24-Jun-2015 17:33:32 UTC] PHP  17. WPFB_Setup::OnActivateOrVerChange() /Users/aaronfrey/Sites/Freelance/PepperLillie-Monday/wp-content/plugins/wp-filebase-pro/classes/AdminLite.php:154
[24-Jun-2015 17:33:32 UTC] PHP  18. WPFB_File->DBSave() /Users/aaronfrey/Sites/Freelance/PepperLillie-Monday/wp-content/plugins/wp-filebase-pro/classes/Setup.php:673
[24-Jun-2015 17:33:32 UTC] PHP  19. WPFB_File->updateFilePost() /Users/aaronfrey/Sites/Freelance/PepperLillie-Monday/wp-content/plugins/wp-filebase-pro/classes/File.php:234
[24-Jun-2015 17:33:32 UTC] PHP  20. wp_insert_post() /Users/aaronfrey/Sites/Freelance/PepperLillie-Monday/wp-content/plugins/wp-filebase-pro/classes/File.php:701
[24-Jun-2015 17:33:32 UTC] PHP  21. do_action() /Users/aaronfrey/Sites/Freelance/PepperLillie-Monday/wp-includes/post.php:3541
[24-Jun-2015 17:33:32 UTC] PHP  22. call_user_func_array:{/Users/aaronfrey/Sites/Freelance/PepperLillie-Monday/wp-includes/plugin.php:496}() /Users/aaronfrey/Sites/Freelance/PepperLillie-Monday/wp-includes/plugin.php:496
[24-Jun-2015 17:33:32 UTC] PHP  23. SRM_Safe_Redirect_Manager->action_save_post() /Users/aaronfrey/Sites/Freelance/PepperLillie-Monday/wp-includes/plugin.php:496
[24-Jun-2015 17:33:32 UTC] PHP  24. current_user_can() /Users/aaronfrey/Sites/Freelance/PepperLillie-Monday/wp-content/plugins/safe-redirect-manager/safe-redirect-manager.php:516
[24-Jun-2015 17:33:32 UTC] PHP  25. call_user_func_array:{/Users/aaronfrey/Sites/Freelance/PepperLillie-Monday/wp-includes/capabilities.php:1393}() /Users/aaronfrey/Sites/Freelance/PepperLillie-Monday/wp-includes/capabilities.php:1393
[24-Jun-2015 17:33:32 UTC] PHP  26. WP_User->has_cap() /Users/aaronfrey/Sites/Freelance/PepperLillie-Monday/wp-includes/capabilities.php:1393
[24-Jun-2015 17:33:32 UTC] PHP  27. call_user_func_array:{/Users/aaronfrey/Sites/Freelance/PepperLillie-Monday/wp-includes/capabilities.php:999}() /Users/aaronfrey/Sites/Freelance/PepperLillie-Monday/wp-includes/capabilities.php:999
[24-Jun-2015 17:33:32 UTC] PHP  28. map_meta_cap() /Users/aaronfrey/Sites/Freelance/PepperLillie-Monday/wp-includes/capabilities.php:999
[24-Jun-2015 17:33:32 UTC] PHP Notice:  Trying to get property of non-object in /Users/aaronfrey/Sites/Freelance/PepperLillie-Monday/wp-includes/capabilities.php on line 1156
[24-Jun-2015 17:33:32 UTC] PHP Stack trace:
[24-Jun-2015 17:33:32 UTC] PHP   1. {main}() /Users/aaronfrey/Sites/Freelance/PepperLillie-Monday/wp-admin/plugins.php:0
[24-Jun-2015 17:33:32 UTC] PHP   2. activate_plugin() /Users/aaronfrey/Sites/Freelance/PepperLillie-Monday/wp-admin/plugins.php:42
[24-Jun-2015 17:33:32 UTC] PHP   3. do_action() /Users/aaronfrey/Sites/Freelance/PepperLillie-Monday/wp-admin/includes/plugin.php:575
[24-Jun-2015 17:33:32 UTC] PHP   4. call_user_func_array:{/Users/aaronfrey/Sites/Freelance/PepperLillie-Monday/wp-includes/plugin.php:496}() /Users/aaronfrey/Sites/Freelance/PepperLillie-Monday/wp-includes/plugin.php:496
[24-Jun-2015 17:33:32 UTC] PHP   5. wpfilebase_activate() /Users/aaronfrey/Sites/Freelance/PepperLillie-Monday/wp-includes/plugin.php:496
[24-Jun-2015 17:33:32 UTC] PHP   6. wpfb_loadclass() /Users/aaronfrey/Sites/Freelance/PepperLillie-Monday/wp-content/plugins/wp-filebase-pro/wp-filebase.php:90
[24-Jun-2015 17:33:32 UTC] PHP   7. array_map() /Users/aaronfrey/Sites/Freelance/PepperLillie-Monday/wp-content/plugins/wp-filebase-pro/wp-filebase.php:34
[24-Jun-2015 17:33:32 UTC] PHP   8. wpfb_loadclass() /Users/aaronfrey/Sites/Freelance/PepperLillie-Monday/wp-content/plugins/wp-filebase-pro/wp-filebase.php:34
[24-Jun-2015 17:33:32 UTC] PHP   9. call_user_func:{/Users/aaronfrey/Sites/Freelance/PepperLillie-Monday/wp-content/plugins/wp-filebase-pro/wp-filebase.php:59}() /Users/aaronfrey/Sites/Freelance/PepperLillie-Monday/wp-content/plugins/wp-filebase-pro/wp-filebase.php:59
[24-Jun-2015 17:33:32 UTC] PHP  10. WPFB_Admin::InitClass() /Users/aaronfrey/Sites/Freelance/PepperLillie-Monday/wp-content/plugins/wp-filebase-pro/wp-filebase.php:59
[24-Jun-2015 17:33:32 UTC] PHP  11. wpfb_loadclass() /Users/aaronfrey/Sites/Freelance/PepperLillie-Monday/wp-content/plugins/wp-filebase-pro/classes/Admin.php:9
[24-Jun-2015 17:33:32 UTC] PHP  12. array_map() /Users/aaronfrey/Sites/Freelance/PepperLillie-Monday/wp-content/plugins/wp-filebase-pro/wp-filebase.php:34
[24-Jun-2015 17:33:32 UTC] PHP  13. wpfb_loadclass() /Users/aaronfrey/Sites/Freelance/PepperLillie-Monday/wp-content/plugins/wp-filebase-pro/wp-filebase.php:34
[24-Jun-2015 17:33:32 UTC] PHP  14. call_user_func:{/Users/aaronfrey/Sites/Freelance/PepperLillie-Monday/wp-content/plugins/wp-filebase-pro/wp-filebase.php:59}() /Users/aaronfrey/Sites/Freelance/PepperLillie-Monday/wp-content/plugins/wp-filebase-pro/wp-filebase.php:59
[24-Jun-2015 17:33:32 UTC] PHP  15. WPFB_AdminLite::InitClass() /Users/aaronfrey/Sites/Freelance/PepperLillie-Monday/wp-content/plugins/wp-filebase-pro/wp-filebase.php:59
[24-Jun-2015 17:33:32 UTC] PHP  16. WPFB_AdminLite::CheckChangedVer() /Users/aaronfrey/Sites/Freelance/PepperLillie-Monday/wp-content/plugins/wp-filebase-pro/classes/AdminLite.php:28
[24-Jun-2015 17:33:32 UTC] PHP  17. WPFB_Setup::OnActivateOrVerChange() /Users/aaronfrey/Sites/Freelance/PepperLillie-Monday/wp-content/plugins/wp-filebase-pro/classes/AdminLite.php:154
[24-Jun-2015 17:33:32 UTC] PHP  18. WPFB_File->DBSave() /Users/aaronfrey/Sites/Freelance/PepperLillie-Monday/wp-content/plugins/wp-filebase-pro/classes/Setup.php:673
[24-Jun-2015 17:33:32 UTC] PHP  19. WPFB_File->updateFilePost() /Users/aaronfrey/Sites/Freelance/PepperLillie-Monday/wp-content/plugins/wp-filebase-pro/classes/File.php:234
[24-Jun-2015 17:33:32 UTC] PHP  20. wp_insert_post() /Users/aaronfrey/Sites/Freelance/PepperLillie-Monday/wp-content/plugins/wp-filebase-pro/classes/File.php:701
[24-Jun-2015 17:33:32 UTC] PHP  21. do_action() /Users/aaronfrey/Sites/Freelance/PepperLillie-Monday/wp-includes/post.php:3541
[24-Jun-2015 17:33:32 UTC] PHP  22. call_user_func_array:{/Users/aaronfrey/Sites/Freelance/PepperLillie-Monday/wp-includes/plugin.php:496}() /Users/aaronfrey/Sites/Freelance/PepperLillie-Monday/wp-includes/plugin.php:496
[24-Jun-2015 17:33:32 UTC] PHP  23. SRM_Safe_Redirect_Manager->action_save_post() /Users/aaronfrey/Sites/Freelance/PepperLillie-Monday/wp-includes/plugin.php:496
[24-Jun-2015 17:33:32 UTC] PHP  24. current_user_can() /Users/aaronfrey/Sites/Freelance/PepperLillie-Monday/wp-content/plugins/safe-redirect-manager/safe-redirect-manager.php:516
[24-Jun-2015 17:33:32 UTC] PHP  25. call_user_func_array:{/Users/aaronfrey/Sites/Freelance/PepperLillie-Monday/wp-includes/capabilities.php:1393}() /Users/aaronfrey/Sites/Freelance/PepperLillie-Monday/wp-includes/capabilities.php:1393
[24-Jun-2015 17:33:32 UTC] PHP  26. WP_User->has_cap() /Users/aaronfrey/Sites/Freelance/PepperLillie-Monday/wp-includes/capabilities.php:1393
[24-Jun-2015 17:33:32 UTC] PHP  27. call_user_func_array:{/Users/aaronfrey/Sites/Freelance/PepperLillie-Monday/wp-includes/capabilities.php:999}() /Users/aaronfrey/Sites/Freelance/PepperLillie-Monday/wp-includes/capabilities.php:999
[24-Jun-2015 17:33:32 UTC] PHP  28. map_meta_cap() /Users/aaronfrey/Sites/Freelance/PepperLillie-Monday/wp-includes/capabilities.php:999
[24-Jun-2015 17:33:32 UTC] PHP Notice:  Trying to get property of non-object in /Users/aaronfrey/Sites/Freelance/PepperLillie-Monday/wp-includes/capabilities.php on line 1159
[24-Jun-2015 17:33:32 UTC] PHP Stack trace:
[24-Jun-2015 17:33:32 UTC] PHP   1. {main}() /Users/aaronfrey/Sites/Freelance/PepperLillie-Monday/wp-admin/plugins.php:0
[24-Jun-2015 17:33:32 UTC] PHP   2. activate_plugin() /Users/aaronfrey/Sites/Freelance/PepperLillie-Monday/wp-admin/plugins.php:42
[24-Jun-2015 17:33:32 UTC] PHP   3. do_action() /Users/aaronfrey/Sites/Freelance/PepperLillie-Monday/wp-admin/includes/plugin.php:575
[24-Jun-2015 17:33:32 UTC] PHP   4. call_user_func_array:{/Users/aaronfrey/Sites/Freelance/PepperLillie-Monday/wp-includes/plugin.php:496}() /Users/aaronfrey/Sites/Freelance/PepperLillie-Monday/wp-includes/plugin.php:496
[24-Jun-2015 17:33:32 UTC] PHP   5. wpfilebase_activate() /Users/aaronfrey/Sites/Freelance/PepperLillie-Monday/wp-includes/plugin.php:496
[24-Jun-2015 17:33:32 UTC] PHP   6. wpfb_loadclass() /Users/aaronfrey/Sites/Freelance/PepperLillie-Monday/wp-content/plugins/wp-filebase-pro/wp-filebase.php:90
[24-Jun-2015 17:33:32 UTC] PHP   7. array_map() /Users/aaronfrey/Sites/Freelance/PepperLillie-Monday/wp-content/plugins/wp-filebase-pro/wp-filebase.php:34
[24-Jun-2015 17:33:32 UTC] PHP   8. wpfb_loadclass() /Users/aaronfrey/Sites/Freelance/PepperLillie-Monday/wp-content/plugins/wp-filebase-pro/wp-filebase.php:34
[24-Jun-2015 17:33:32 UTC] PHP   9. call_user_func:{/Users/aaronfrey/Sites/Freelance/PepperLillie-Monday/wp-content/plugins/wp-filebase-pro/wp-filebase.php:59}() /Users/aaronfrey/Sites/Freelance/PepperLillie-Monday/wp-content/plugins/wp-filebase-pro/wp-filebase.php:59
[24-Jun-2015 17:33:32 UTC] PHP  10. WPFB_Admin::InitClass() /Users/aaronfrey/Sites/Freelance/PepperLillie-Monday/wp-content/plugins/wp-filebase-pro/wp-filebase.php:59
[24-Jun-2015 17:33:32 UTC] PHP  11. wpfb_loadclass() /Users/aaronfrey/Sites/Freelance/PepperLillie-Monday/wp-content/plugins/wp-filebase-pro/classes/Admin.php:9
[24-Jun-2015 17:33:32 UTC] PHP  12. array_map() /Users/aaronfrey/Sites/Freelance/PepperLillie-Monday/wp-content/plugins/wp-filebase-pro/wp-filebase.php:34
[24-Jun-2015 17:33:32 UTC] PHP  13. wpfb_loadclass() /Users/aaronfrey/Sites/Freelance/PepperLillie-Monday/wp-content/plugins/wp-filebase-pro/wp-filebase.php:34
[24-Jun-2015 17:33:32 UTC] PHP  14. call_user_func:{/Users/aaronfrey/Sites/Freelance/PepperLillie-Monday/wp-content/plugins/wp-filebase-pro/wp-filebase.php:59}() /Users/aaronfrey/Sites/Freelance/PepperLillie-Monday/wp-content/plugins/wp-filebase-pro/wp-filebase.php:59
[24-Jun-2015 17:33:32 UTC] PHP  15. WPFB_AdminLite::InitClass() /Users/aaronfrey/Sites/Freelance/PepperLillie-Monday/wp-content/plugins/wp-filebase-pro/wp-filebase.php:59
[24-Jun-2015 17:33:32 UTC] PHP  16. WPFB_AdminLite::CheckChangedVer() /Users/aaronfrey/Sites/Freelance/PepperLillie-Monday/wp-content/plugins/wp-filebase-pro/classes/AdminLite.php:28
[24-Jun-2015 17:33:32 UTC] PHP  17. WPFB_Setup::OnActivateOrVerChange() /Users/aaronfrey/Sites/Freelance/PepperLillie-Monday/wp-content/plugins/wp-filebase-pro/classes/AdminLite.php:154
[24-Jun-2015 17:33:32 UTC] PHP  18. WPFB_File->DBSave() /Users/aaronfrey/Sites/Freelance/PepperLillie-Monday/wp-content/plugins/wp-filebase-pro/classes/Setup.php:673
[24-Jun-2015 17:33:32 UTC] PHP  19. WPFB_File->updateFilePost() /Users/aaronfrey/Sites/Freelance/PepperLillie-Monday/wp-content/plugins/wp-filebase-pro/classes/File.php:234
[24-Jun-2015 17:33:32 UTC] PHP  20. wp_insert_post() /Users/aaronfrey/Sites/Freelance/PepperLillie-Monday/wp-content/plugins/wp-filebase-pro/classes/File.php:701
[24-Jun-2015 17:33:32 UTC] PHP  21. do_action() /Users/aaronfrey/Sites/Freelance/PepperLillie-Monday/wp-includes/post.php:3541
[24-Jun-2015 17:33:32 UTC] PHP  22. call_user_func_array:{/Users/aaronfrey/Sites/Freelance/PepperLillie-Monday/wp-includes/plugin.php:496}() /Users/aaronfrey/Sites/Freelance/PepperLillie-Monday/wp-includes/plugin.php:496
[24-Jun-2015 17:33:32 UTC] PHP  23. SRM_Safe_Redirect_Manager->action_save_post() /Users/aaronfrey/Sites/Freelance/PepperLillie-Monday/wp-includes/plugin.php:496
[24-Jun-2015 17:33:32 UTC] PHP  24. current_user_can() /Users/aaronfrey/Sites/Freelance/PepperLillie-Monday/wp-content/plugins/safe-redirect-manager/safe-redirect-manager.php:516
[24-Jun-2015 17:33:32 UTC] PHP  25. call_user_func_array:{/Users/aaronfrey/Sites/Freelance/PepperLillie-Monday/wp-includes/capabilities.php:1393}() /Users/aaronfrey/Sites/Freelance/PepperLillie-Monday/wp-includes/capabilities.php:1393
[24-Jun-2015 17:33:32 UTC] PHP  26. WP_User->has_cap() /Users/aaronfrey/Sites/Freelance/PepperLillie-Monday/wp-includes/capabilities.php:1393
[24-Jun-2015 17:33:32 UTC] PHP  27. call_user_func_array:{/Users/aaronfrey/Sites/Freelance/PepperLillie-Monday/wp-includes/capabilities.php:999}() /Users/aaronfrey/Sites/Freelance/PepperLillie-Monday/wp-includes/capabilities.php:999
[24-Jun-2015 17:33:32 UTC] PHP  28. map_meta_cap() /Users/aaronfrey/Sites/Freelance/PepperLillie-Monday/wp-includes/capabilities.php:999
[24-Jun-2015 17:33:32 UTC] PHP Notice:  Trying to get property of non-object in /Users/aaronfrey/Sites/Freelance/PepperLillie-Monday/wp-includes/capabilities.php on line 1159
[24-Jun-2015 17:33:32 UTC] PHP Stack trace:
[24-Jun-2015 17:33:32 UTC] PHP   1. {main}() /Users/aaronfrey/Sites/Freelance/PepperLillie-Monday/wp-admin/plugins.php:0
[24-Jun-2015 17:33:32 UTC] PHP   2. activate_plugin() /Users/aaronfrey/Sites/Freelance/PepperLillie-Monday/wp-admin/plugins.php:42
[24-Jun-2015 17:33:32 UTC] PHP   3. do_action() /Users/aaronfrey/Sites/Freelance/PepperLillie-Monday/wp-admin/includes/plugin.php:575
[24-Jun-2015 17:33:32 UTC] PHP   4. call_user_func_array:{/Users/aaronfrey/Sites/Freelance/PepperLillie-Monday/wp-includes/plugin.php:496}() /Users/aaronfrey/Sites/Freelance/PepperLillie-Monday/wp-includes/plugin.php:496
[24-Jun-2015 17:33:32 UTC] PHP   5. wpfilebase_activate() /Users/aaronfrey/Sites/Freelance/PepperLillie-Monday/wp-includes/plugin.php:496
[24-Jun-2015 17:33:32 UTC] PHP   6. wpfb_loadclass() /Users/aaronfrey/Sites/Freelance/PepperLillie-Monday/wp-content/plugins/wp-filebase-pro/wp-filebase.php:90
[24-Jun-2015 17:33:32 UTC] PHP   7. array_map() /Users/aaronfrey/Sites/Freelance/PepperLillie-Monday/wp-content/plugins/wp-filebase-pro/wp-filebase.php:34
[24-Jun-2015 17:33:32 UTC] PHP   8. wpfb_loadclass() /Users/aaronfrey/Sites/Freelance/PepperLillie-Monday/wp-content/plugins/wp-filebase-pro/wp-filebase.php:34
[24-Jun-2015 17:33:32 UTC] PHP   9. call_user_func:{/Users/aaronfrey/Sites/Freelance/PepperLillie-Monday/wp-content/plugins/wp-filebase-pro/wp-filebase.php:59}() /Users/aaronfrey/Sites/Freelance/PepperLillie-Monday/wp-content/plugins/wp-filebase-pro/wp-filebase.php:59
[24-Jun-2015 17:33:32 UTC] PHP  10. WPFB_Admin::InitClass() /Users/aaronfrey/Sites/Freelance/PepperLillie-Monday/wp-content/plugins/wp-filebase-pro/wp-filebase.php:59
[24-Jun-2015 17:33:32 UTC] PHP  11. wpfb_loadclass() /Users/aaronfrey/Sites/Freelance/PepperLillie-Monday/wp-content/plugins/wp-filebase-pro/classes/Admin.php:9
[24-Jun-2015 17:33:32 UTC] PHP  12. array_map() /Users/aaronfrey/Sites/Freelance/PepperLillie-Monday/wp-content/plugins/wp-filebase-pro/wp-filebase.php:34
[24-Jun-2015 17:33:32 UTC] PHP  13. wpfb_loadclass() /Users/aaronfrey/Sites/Freelance/PepperLillie-Monday/wp-content/plugins/wp-filebase-pro/wp-filebase.php:34
[24-Jun-2015 17:33:32 UTC] PHP  14. call_user_func:{/Users/aaronfrey/Sites/Freelance/PepperLillie-Monday/wp-content/plugins/wp-filebase-pro/wp-filebase.php:59}() /Users/aaronfrey/Sites/Freelance/PepperLillie-Monday/wp-content/plugins/wp-filebase-pro/wp-filebase.php:59
[24-Jun-2015 17:33:32 UTC] PHP  15. WPFB_AdminLite::InitClass() /Users/aaronfrey/Sites/Freelance/PepperLillie-Monday/wp-content/plugins/wp-filebase-pro/wp-filebase.php:59
[24-Jun-2015 17:33:32 UTC] PHP  16. WPFB_AdminLite::CheckChangedVer() /Users/aaronfrey/Sites/Freelance/PepperLillie-Monday/wp-content/plugins/wp-filebase-pro/classes/AdminLite.php:28
[24-Jun-2015 17:33:32 UTC] PHP  17. WPFB_Setup::OnActivateOrVerChange() /Users/aaronfrey/Sites/Freelance/PepperLillie-Monday/wp-content/plugins/wp-filebase-pro/classes/AdminLite.php:154
[24-Jun-2015 17:33:32 UTC] PHP  18. WPFB_File->DBSave() /Users/aaronfrey/Sites/Freelance/PepperLillie-Monday/wp-content/plugins/wp-filebase-pro/classes/Setup.php:673
[24-Jun-2015 17:33:32 UTC] PHP  19. WPFB_File->updateFilePost() /Users/aaronfrey/Sites/Freelance/PepperLillie-Monday/wp-content/plugins/wp-filebase-pro/classes/File.php:234
[24-Jun-2015 17:33:32 UTC] PHP  20. wp_insert_post() /Users/aaronfrey/Sites/Freelance/PepperLillie-Monday/wp-content/plugins/wp-filebase-pro/classes/File.php:701
[24-Jun-2015 17:33:32 UTC] PHP  21. do_action() /Users/aaronfrey/Sites/Freelance/PepperLillie-Monday/wp-includes/post.php:3541
[24-Jun-2015 17:33:32 UTC] PHP  22. call_user_func_array:{/Users/aaronfrey/Sites/Freelance/PepperLillie-Monday/wp-includes/plugin.php:496}() /Users/aaronfrey/Sites/Freelance/PepperLillie-Monday/wp-includes/plugin.php:496
[24-Jun-2015 17:33:32 UTC] PHP  23. SRM_Safe_Redirect_Manager->action_save_post() /Users/aaronfrey/Sites/Freelance/PepperLillie-Monday/wp-includes/plugin.php:496
[24-Jun-2015 17:33:32 UTC] PHP  24. current_user_can() /Users/aaronfrey/Sites/Freelance/PepperLillie-Monday/wp-content/plugins/safe-redirect-manager/safe-redirect-manager.php:516
[24-Jun-2015 17:33:32 UTC] PHP  25. call_user_func_array:{/Users/aaronfrey/Sites/Freelance/PepperLillie-Monday/wp-includes/capabilities.php:1393}() /Users/aaronfrey/Sites/Freelance/PepperLillie-Monday/wp-includes/capabilities.php:1393
[24-Jun-2015 17:33:32 UTC] PHP  26. WP_User->has_cap() /Users/aaronfrey/Sites/Freelance/PepperLillie-Monday/wp-includes/capabilities.php:1393
[24-Jun-2015 17:33:32 UTC] PHP  27. call_user_func_array:{/Users/aaronfrey/Sites/Freelance/PepperLillie-Monday/wp-includes/capabilities.php:999}() /Users/aaronfrey/Sites/Freelance/PepperLillie-Monday/wp-includes/capabilities.php:999
[24-Jun-2015 17:33:32 UTC] PHP  28. map_meta_cap() /Users/aaronfrey/Sites/Freelance/PepperLillie-Monday/wp-includes/capabilities.php:999
[24-Jun-2015 17:33:32 UTC] PHP Notice:  Trying to get property of non-object in /Users/aaronfrey/Sites/Freelance/PepperLillie-Monday/wp-includes/capabilities.php on line 1155
[24-Jun-2015 17:33:32 UTC] PHP Stack trace:
[24-Jun-2015 17:33:32 UTC] PHP   1. {main}() /Users/aaronfrey/Sites/Freelance/PepperLillie-Monday/wp-admin/plugins.php:0
[24-Jun-2015 17:33:32 UTC] PHP   2. activate_plugin() /Users/aaronfrey/Sites/Freelance/PepperLillie-Monday/wp-admin/plugins.php:42
[24-Jun-2015 17:33:32 UTC] PHP   3. do_action() /Users/aaronfrey/Sites/Freelance/PepperLillie-Monday/wp-admin/includes/plugin.php:575
[24-Jun-2015 17:33:32 UTC] PHP   4. call_user_func_array:{/Users/aaronfrey/Sites/Freelance/PepperLillie-Monday/wp-includes/plugin.php:496}() /Users/aaronfrey/Sites/Freelance/PepperLillie-Monday/wp-includes/plugin.php:496
[24-Jun-2015 17:33:32 UTC] PHP   5. wpfilebase_activate() /Users/aaronfrey/Sites/Freelance/PepperLillie-Monday/wp-includes/plugin.php:496
[24-Jun-2015 17:33:32 UTC] PHP   6. wpfb_loadclass() /Users/aaronfrey/Sites/Freelance/PepperLillie-Monday/wp-content/plugins/wp-filebase-pro/wp-filebase.php:90
[24-Jun-2015 17:33:32 UTC] PHP   7. array_map() /Users/aaronfrey/Sites/Freelance/PepperLillie-Monday/wp-content/plugins/wp-filebase-pro/wp-filebase.php:34
[24-Jun-2015 17:33:32 UTC] PHP   8. wpfb_loadclass() /Users/aaronfrey/Sites/Freelance/PepperLillie-Monday/wp-content/plugins/wp-filebase-pro/wp-filebase.php:34
[24-Jun-2015 17:33:32 UTC] PHP   9. call_user_func:{/Users/aaronfrey/Sites/Freelance/PepperLillie-Monday/wp-content/plugins/wp-filebase-pro/wp-filebase.php:59}() /Users/aaronfrey/Sites/Freelance/PepperLillie-Monday/wp-content/plugins/wp-filebase-pro/wp-filebase.php:59
[24-Jun-2015 17:33:32 UTC] PHP  10. WPFB_Admin::InitClass() /Users/aaronfrey/Sites/Freelance/PepperLillie-Monday/wp-content/plugins/wp-filebase-pro/wp-filebase.php:59
[24-Jun-2015 17:33:32 UTC] PHP  11. wpfb_loadclass() /Users/aaronfrey/Sites/Freelance/PepperLillie-Monday/wp-content/plugins/wp-filebase-pro/classes/Admin.php:9
[24-Jun-2015 17:33:32 UTC] PHP  12. array_map() /Users/aaronfrey/Sites/Freelance/PepperLillie-Monday/wp-content/plugins/wp-filebase-pro/wp-filebase.php:34
[24-Jun-2015 17:33:32 UTC] PHP  13. wpfb_loadclass() /Users/aaronfrey/Sites/Freelance/PepperLillie-Monday/wp-content/plugins/wp-filebase-pro/wp-filebase.php:34
[24-Jun-2015 17:33:32 UTC] PHP  14. call_user_func:{/Users/aaronfrey/Sites/Freelance/PepperLillie-Monday/wp-content/plugins/wp-filebase-pro/wp-filebase.php:59}() /Users/aaronfrey/Sites/Freelance/PepperLillie-Monday/wp-content/plugins/wp-filebase-pro/wp-filebase.php:59
[24-Jun-2015 17:33:32 UTC] PHP  15. WPFB_AdminLite::InitClass() /Users/aaronfrey/Sites/Freelance/PepperLillie-Monday/wp-content/plugins/wp-filebase-pro/wp-filebase.php:59
[24-Jun-2015 17:33:32 UTC] PHP  16. WPFB_AdminLite::CheckChangedVer() /Users/aaronfrey/Sites/Freelance/PepperLillie-Monday/wp-content/plugins/wp-filebase-pro/classes/AdminLite.php:28
[24-Jun-2015 17:33:32 UTC] PHP  17. WPFB_Setup::OnActivateOrVerChange() /Users/aaronfrey/Sites/Freelance/PepperLillie-Monday/wp-content/plugins/wp-filebase-pro/classes/AdminLite.php:154
[24-Jun-2015 17:33:32 UTC] PHP  18. WPFB_File->DBSave() /Users/aaronfrey/Sites/Freelance/PepperLillie-Monday/wp-content/plugins/wp-filebase-pro/classes/Setup.php:673
[24-Jun-2015 17:33:32 UTC] PHP  19. WPFB_File->updateFilePost() /Users/aaronfrey/Sites/Freelance/PepperLillie-Monday/wp-content/plugins/wp-filebase-pro/classes/File.php:234
[24-Jun-2015 17:33:32 UTC] PHP  20. wp_insert_post() /Users/aaronfrey/Sites/Freelance/PepperLillie-Monday/wp-content/plugins/wp-filebase-pro/classes/File.php:701
[24-Jun-2015 17:33:32 UTC] PHP  21. do_action() /Users/aaronfrey/Sites/Freelance/PepperLillie-Monday/wp-includes/post.php:3541
[24-Jun-2015 17:33:32 UTC] PHP  22. call_user_func_array:{/Users/aaronfrey/Sites/Freelance/PepperLillie-Monday/wp-includes/plugin.php:496}() /Users/aaronfrey/Sites/Freelance/PepperLillie-Monday/wp-includes/plugin.php:496
[24-Jun-2015 17:33:32 UTC] PHP  23. SRM_Safe_Redirect_Manager->action_save_post() /Users/aaronfrey/Sites/Freelance/PepperLillie-Monday/wp-includes/plugin.php:496
[24-Jun-2015 17:33:32 UTC] PHP  24. current_user_can() /Users/aaronfrey/Sites/Freelance/PepperLillie-Monday/wp-content/plugins/safe-redirect-manager/safe-redirect-manager.php:516
[24-Jun-2015 17:33:32 UTC] PHP  25. call_user_func_array:{/Users/aaronfrey/Sites/Freelance/PepperLillie-Monday/wp-includes/capabilities.php:1393}() /Users/aaronfrey/Sites/Freelance/PepperLillie-Monday/wp-includes/capabilities.php:1393
[24-Jun-2015 17:33:32 UTC] PHP  26. WP_User->has_cap() /Users/aaronfrey/Sites/Freelance/PepperLillie-Monday/wp-includes/capabilities.php:1393
[24-Jun-2015 17:33:32 UTC] PHP  27. call_user_func_array:{/Users/aaronfrey/Sites/Freelance/PepperLillie-Monday/wp-includes/capabilities.php:999}() /Users/aaronfrey/Sites/Freelance/PepperLillie-Monday/wp-includes/capabilities.php:999
[24-Jun-2015 17:33:32 UTC] PHP  28. map_meta_cap() /Users/aaronfrey/Sites/Freelance/PepperLillie-Monday/wp-includes/capabilities.php:999
[24-Jun-2015 17:33:32 UTC] PHP Notice:  Trying to get property of non-object in /Users/aaronfrey/Sites/Freelance/PepperLillie-Monday/wp-includes/capabilities.php on line 1156
[24-Jun-2015 17:33:32 UTC] PHP Stack trace:
[24-Jun-2015 17:33:32 UTC] PHP   1. {main}() /Users/aaronfrey/Sites/Freelance/PepperLillie-Monday/wp-admin/plugins.php:0
[24-Jun-2015 17:33:32 UTC] PHP   2. activate_plugin() /Users/aaronfrey/Sites/Freelance/PepperLillie-Monday/wp-admin/plugins.php:42
[24-Jun-2015 17:33:32 UTC] PHP   3. do_action() /Users/aaronfrey/Sites/Freelance/PepperLillie-Monday/wp-admin/includes/plugin.php:575
[24-Jun-2015 17:33:32 UTC] PHP   4. call_user_func_array:{/Users/aaronfrey/Sites/Freelance/PepperLillie-Monday/wp-includes/plugin.php:496}() /Users/aaronfrey/Sites/Freelance/PepperLillie-Monday/wp-includes/plugin.php:496
[24-Jun-2015 17:33:32 UTC] PHP   5. wpfilebase_activate() /Users/aaronfrey/Sites/Freelance/PepperLillie-Monday/wp-includes/plugin.php:496
[24-Jun-2015 17:33:32 UTC] PHP   6. wpfb_loadclass() /Users/aaronfrey/Sites/Freelance/PepperLillie-Monday/wp-content/plugins/wp-filebase-pro/wp-filebase.php:90
[24-Jun-2015 17:33:32 UTC] PHP   7. array_map() /Users/aaronfrey/Sites/Freelance/PepperLillie-Monday/wp-content/plugins/wp-filebase-pro/wp-filebase.php:34
[24-Jun-2015 17:33:32 UTC] PHP   8. wpfb_loadclass() /Users/aaronfrey/Sites/Freelance/PepperLillie-Monday/wp-content/plugins/wp-filebase-pro/wp-filebase.php:34
[24-Jun-2015 17:33:32 UTC] PHP   9. call_user_func:{/Users/aaronfrey/Sites/Freelance/PepperLillie-Monday/wp-content/plugins/wp-filebase-pro/wp-filebase.php:59}() /Users/aaronfrey/Sites/Freelance/PepperLillie-Monday/wp-content/plugins/wp-filebase-pro/wp-filebase.php:59
[24-Jun-2015 17:33:32 UTC] PHP  10. WPFB_Admin::InitClass() /Users/aaronfrey/Sites/Freelance/PepperLillie-Monday/wp-content/plugins/wp-filebase-pro/wp-filebase.php:59
[24-Jun-2015 17:33:32 UTC] PHP  11. wpfb_loadclass() /Users/aaronfrey/Sites/Freelance/PepperLillie-Monday/wp-content/plugins/wp-filebase-pro/classes/Admin.php:9
[24-Jun-2015 17:33:32 UTC] PHP  12. array_map() /Users/aaronfrey/Sites/Freelance/PepperLillie-Monday/wp-content/plugins/wp-filebase-pro/wp-filebase.php:34
[24-Jun-2015 17:33:32 UTC] PHP  13. wpfb_loadclass() /Users/aaronfrey/Sites/Freelance/PepperLillie-Monday/wp-content/plugins/wp-filebase-pro/wp-filebase.php:34
[24-Jun-2015 17:33:32 UTC] PHP  14. call_user_func:{/Users/aaronfrey/Sites/Freelance/PepperLillie-Monday/wp-content/plugins/wp-filebase-pro/wp-filebase.php:59}() /Users/aaronfrey/Sites/Freelance/PepperLillie-Monday/wp-content/plugins/wp-filebase-pro/wp-filebase.php:59
[24-Jun-2015 17:33:32 UTC] PHP  15. WPFB_AdminLite::InitClass() /Users/aaronfrey/Sites/Freelance/PepperLillie-Monday/wp-content/plugins/wp-filebase-pro/wp-filebase.php:59
[24-Jun-2015 17:33:32 UTC] PHP  16. WPFB_AdminLite::CheckChangedVer() /Users/aaronfrey/Sites/Freelance/PepperLillie-Monday/wp-content/plugins/wp-filebase-pro/classes/AdminLite.php:28
[24-Jun-2015 17:33:32 UTC] PHP  17. WPFB_Setup::OnActivateOrVerChange() /Users/aaronfrey/Sites/Freelance/PepperLillie-Monday/wp-content/plugins/wp-filebase-pro/classes/AdminLite.php:154
[24-Jun-2015 17:33:32 UTC] PHP  18. WPFB_File->DBSave() /Users/aaronfrey/Sites/Freelance/PepperLillie-Monday/wp-content/plugins/wp-filebase-pro/classes/Setup.php:673
[24-Jun-2015 17:33:32 UTC] PHP  19. WPFB_File->updateFilePost() /Users/aaronfrey/Sites/Freelance/PepperLillie-Monday/wp-content/plugins/wp-filebase-pro/classes/File.php:234
[24-Jun-2015 17:33:32 UTC] PHP  20. wp_insert_post() /Users/aaronfrey/Sites/Freelance/PepperLillie-Monday/wp-content/plugins/wp-filebase-pro/classes/File.php:701
[24-Jun-2015 17:33:32 UTC] PHP  21. do_action() /Users/aaronfrey/Sites/Freelance/PepperLillie-Monday/wp-includes/post.php:3541
[24-Jun-2015 17:33:32 UTC] PHP  22. call_user_func_array:{/Users/aaronfrey/Sites/Freelance/PepperLillie-Monday/wp-includes/plugin.php:496}() /Users/aaronfrey/Sites/Freelance/PepperLillie-Monday/wp-includes/plugin.php:496
[24-Jun-2015 17:33:32 UTC] PHP  23. SRM_Safe_Redirect_Manager->action_save_post() /Users/aaronfrey/Sites/Freelance/PepperLillie-Monday/wp-includes/plugin.php:496
[24-Jun-2015 17:33:32 UTC] PHP  24. current_user_can() /Users/aaronfrey/Sites/Freelance/PepperLillie-Monday/wp-content/plugins/safe-redirect-manager/safe-redirect-manager.php:516
[24-Jun-2015 17:33:32 UTC] PHP  25. call_user_func_array:{/Users/aaronfrey/Sites/Freelance/PepperLillie-Monday/wp-includes/capabilities.php:1393}() /Users/aaronfrey/Sites/Freelance/PepperLillie-Monday/wp-includes/capabilities.php:1393
[24-Jun-2015 17:33:32 UTC] PHP  26. WP_User->has_cap() /Users/aaronfrey/Sites/Freelance/PepperLillie-Monday/wp-includes/capabilities.php:1393
[24-Jun-2015 17:33:32 UTC] PHP  27. call_user_func_array:{/Users/aaronfrey/Sites/Freelance/PepperLillie-Monday/wp-includes/capabilities.php:999}() /Users/aaronfrey/Sites/Freelance/PepperLillie-Monday/wp-includes/capabilities.php:999
[24-Jun-2015 17:33:32 UTC] PHP  28. map_meta_cap() /Users/aaronfrey/Sites/Freelance/PepperLillie-Monday/wp-includes/capabilities.php:999
[24-Jun-2015 17:33:32 UTC] PHP Notice:  Trying to get property of non-object in /Users/aaronfrey/Sites/Freelance/PepperLillie-Monday/wp-includes/capabilities.php on line 1156
[24-Jun-2015 17:33:32 UTC] PHP Stack trace:
[24-Jun-2015 17:33:32 UTC] PHP   1. {main}() /Users/aaronfrey/Sites/Freelance/PepperLillie-Monday/wp-admin/plugins.php:0
[24-Jun-2015 17:33:32 UTC] PHP   2. activate_plugin() /Users/aaronfrey/Sites/Freelance/PepperLillie-Monday/wp-admin/plugins.php:42
[24-Jun-2015 17:33:32 UTC] PHP   3. do_action() /Users/aaronfrey/Sites/Freelance/PepperLillie-Monday/wp-admin/includes/plugin.php:575
[24-Jun-2015 17:33:32 UTC] PHP   4. call_user_func_array:{/Users/aaronfrey/Sites/Freelance/PepperLillie-Monday/wp-includes/plugin.php:496}() /Users/aaronfrey/Sites/Freelance/PepperLillie-Monday/wp-includes/plugin.php:496
[24-Jun-2015 17:33:32 UTC] PHP   5. wpfilebase_activate() /Users/aaronfrey/Sites/Freelance/PepperLillie-Monday/wp-includes/plugin.php:496
[24-Jun-2015 17:33:32 UTC] PHP   6. wpfb_loadclass() /Users/aaronfrey/Sites/Freelance/PepperLillie-Monday/wp-content/plugins/wp-filebase-pro/wp-filebase.php:90
[24-Jun-2015 17:33:32 UTC] PHP   7. array_map() /Users/aaronfrey/Sites/Freelance/PepperLillie-Monday/wp-content/plugins/wp-filebase-pro/wp-filebase.php:34
[24-Jun-2015 17:33:32 UTC] PHP   8. wpfb_loadclass() /Users/aaronfrey/Sites/Freelance/PepperLillie-Monday/wp-content/plugins/wp-filebase-pro/wp-filebase.php:34
[24-Jun-2015 17:33:32 UTC] PHP   9. call_user_func:{/Users/aaronfrey/Sites/Freelance/PepperLillie-Monday/wp-content/plugins/wp-filebase-pro/wp-filebase.php:59}() /Users/aaronfrey/Sites/Freelance/PepperLillie-Monday/wp-content/plugins/wp-filebase-pro/wp-filebase.php:59
[24-Jun-2015 17:33:32 UTC] PHP  10. WPFB_Admin::InitClass() /Users/aaronfrey/Sites/Freelance/PepperLillie-Monday/wp-content/plugins/wp-filebase-pro/wp-filebase.php:59
[24-Jun-2015 17:33:32 UTC] PHP  11. wpfb_loadclass() /Users/aaronfrey/Sites/Freelance/PepperLillie-Monday/wp-content/plugins/wp-filebase-pro/classes/Admin.php:9
[24-Jun-2015 17:33:32 UTC] PHP  12. array_map() /Users/aaronfrey/Sites/Freelance/PepperLillie-Monday/wp-content/plugins/wp-filebase-pro/wp-filebase.php:34
[24-Jun-2015 17:33:32 UTC] PHP  13. wpfb_loadclass() /Users/aaronfrey/Sites/Freelance/PepperLillie-Monday/wp-content/plugins/wp-filebase-pro/wp-filebase.php:34
[24-Jun-2015 17:33:32 UTC] PHP  14. call_user_func:{/Users/aaronfrey/Sites/Freelance/PepperLillie-Monday/wp-content/plugins/wp-filebase-pro/wp-filebase.php:59}() /Users/aaronfrey/Sites/Freelance/PepperLillie-Monday/wp-content/plugins/wp-filebase-pro/wp-filebase.php:59
[24-Jun-2015 17:33:32 UTC] PHP  15. WPFB_AdminLite::InitClass() /Users/aaronfrey/Sites/Freelance/PepperLillie-Monday/wp-content/plugins/wp-filebase-pro/wp-filebase.php:59
[24-Jun-2015 17:33:32 UTC] PHP  16. WPFB_AdminLite::CheckChangedVer() /Users/aaronfrey/Sites/Freelance/PepperLillie-Monday/wp-content/plugins/wp-filebase-pro/classes/AdminLite.php:28
[24-Jun-2015 17:33:32 UTC] PHP  17. WPFB_Setup::OnActivateOrVerChange() /Users/aaronfrey/Sites/Freelance/PepperLillie-Monday/wp-content/plugins/wp-filebase-pro/classes/AdminLite.php:154
[24-Jun-2015 17:33:32 UTC] PHP  18. WPFB_File->DBSave() /Users/aaronfrey/Sites/Freelance/PepperLillie-Monday/wp-content/plugins/wp-filebase-pro/classes/Setup.php:673
[24-Jun-2015 17:33:32 UTC] PHP  19. WPFB_File->updateFilePost() /Users/aaronfrey/Sites/Freelance/PepperLillie-Monday/wp-content/plugins/wp-filebase-pro/classes/File.php:234
[24-Jun-2015 17:33:32 UTC] PHP  20. wp_insert_post() /Users/aaronfrey/Sites/Freelance/PepperLillie-Monday/wp-content/plugins/wp-filebase-pro/classes/File.php:701
[24-Jun-2015 17:33:32 UTC] PHP  21. do_action() /Users/aaronfrey/Sites/Freelance/PepperLillie-Monday/wp-includes/post.php:3541
[24-Jun-2015 17:33:32 UTC] PHP  22. call_user_func_array:{/Users/aaronfrey/Sites/Freelance/PepperLillie-Monday/wp-includes/plugin.php:496}() /Users/aaronfrey/Sites/Freelance/PepperLillie-Monday/wp-includes/plugin.php:496
[24-Jun-2015 17:33:32 UTC] PHP  23. SRM_Safe_Redirect_Manager->action_save_post() /Users/aaronfrey/Sites/Freelance/PepperLillie-Monday/wp-includes/plugin.php:496
[24-Jun-2015 17:33:32 UTC] PHP  24. current_user_can() /Users/aaronfrey/Sites/Freelance/PepperLillie-Monday/wp-content/plugins/safe-redirect-manager/safe-redirect-manager.php:516
[24-Jun-2015 17:33:32 UTC] PHP  25. call_user_func_array:{/Users/aaronfrey/Sites/Freelance/PepperLillie-Monday/wp-includes/capabilities.php:1393}() /Users/aaronfrey/Sites/Freelance/PepperLillie-Monday/wp-includes/capabilities.php:1393
[24-Jun-2015 17:33:32 UTC] PHP  26. WP_User->has_cap() /Users/aaronfrey/Sites/Freelance/PepperLillie-Monday/wp-includes/capabilities.php:1393
[24-Jun-2015 17:33:32 UTC] PHP  27. call_user_func_array:{/Users/aaronfrey/Sites/Freelance/PepperLillie-Monday/wp-includes/capabilities.php:999}() /Users/aaronfrey/Sites/Freelance/PepperLillie-Monday/wp-includes/capabilities.php:999
[24-Jun-2015 17:33:32 UTC] PHP  28. map_meta_cap() /Users/aaronfrey/Sites/Freelance/PepperLillie-Monday/wp-includes/capabilities.php:999
[24-Jun-2015 17:33:32 UTC] PHP Notice:  Trying to get property of non-object in /Users/aaronfrey/Sites/Freelance/PepperLillie-Monday/wp-includes/capabilities.php on line 1159
[24-Jun-2015 17:33:32 UTC] PHP Stack trace:
[24-Jun-2015 17:33:32 UTC] PHP   1. {main}() /Users/aaronfrey/Sites/Freelance/PepperLillie-Monday/wp-admin/plugins.php:0
[24-Jun-2015 17:33:32 UTC] PHP   2. activate_plugin() /Users/aaronfrey/Sites/Freelance/PepperLillie-Monday/wp-admin/plugins.php:42
[24-Jun-2015 17:33:32 UTC] PHP   3. do_action() /Users/aaronfrey/Sites/Freelance/PepperLillie-Monday/wp-admin/includes/plugin.php:575
[24-Jun-2015 17:33:32 UTC] PHP   4. call_user_func_array:{/Users/aaronfrey/Sites/Freelance/PepperLillie-Monday/wp-includes/plugin.php:496}() /Users/aaronfrey/Sites/Freelance/PepperLillie-Monday/wp-includes/plugin.php:496
[24-Jun-2015 17:33:32 UTC] PHP   5. wpfilebase_activate() /Users/aaronfrey/Sites/Freelance/PepperLillie-Monday/wp-includes/plugin.php:496
[24-Jun-2015 17:33:32 UTC] PHP   6. wpfb_loadclass() /Users/aaronfrey/Sites/Freelance/PepperLillie-Monday/wp-content/plugins/wp-filebase-pro/wp-filebase.php:90
[24-Jun-2015 17:33:32 UTC] PHP   7. array_map() /Users/aaronfrey/Sites/Freelance/PepperLillie-Monday/wp-content/plugins/wp-filebase-pro/wp-filebase.php:34
[24-Jun-2015 17:33:32 UTC] PHP   8. wpfb_loadclass() /Users/aaronfrey/Sites/Freelance/PepperLillie-Monday/wp-content/plugins/wp-filebase-pro/wp-filebase.php:34
[24-Jun-2015 17:33:32 UTC] PHP   9. call_user_func:{/Users/aaronfrey/Sites/Freelance/PepperLillie-Monday/wp-content/plugins/wp-filebase-pro/wp-filebase.php:59}() /Users/aaronfrey/Sites/Freelance/PepperLillie-Monday/wp-content/plugins/wp-filebase-pro/wp-filebase.php:59
[24-Jun-2015 17:33:32 UTC] PHP  10. WPFB_Admin::InitClass() /Users/aaronfrey/Sites/Freelance/PepperLillie-Monday/wp-content/plugins/wp-filebase-pro/wp-filebase.php:59
[24-Jun-2015 17:33:32 UTC] PHP  11. wpfb_loadclass() /Users/aaronfrey/Sites/Freelance/PepperLillie-Monday/wp-content/plugins/wp-filebase-pro/classes/Admin.php:9
[24-Jun-2015 17:33:32 UTC] PHP  12. array_map() /Users/aaronfrey/Sites/Freelance/PepperLillie-Monday/wp-content/plugins/wp-filebase-pro/wp-filebase.php:34
[24-Jun-2015 17:33:32 UTC] PHP  13. wpfb_loadclass() /Users/aaronfrey/Sites/Freelance/PepperLillie-Monday/wp-content/plugins/wp-filebase-pro/wp-filebase.php:34
[24-Jun-2015 17:33:32 UTC] PHP  14. call_user_func:{/Users/aaronfrey/Sites/Freelance/PepperLillie-Monday/wp-content/plugins/wp-filebase-pro/wp-filebase.php:59}() /Users/aaronfrey/Sites/Freelance/PepperLillie-Monday/wp-content/plugins/wp-filebase-pro/wp-filebase.php:59
[24-Jun-2015 17:33:32 UTC] PHP  15. WPFB_AdminLite::InitClass() /Users/aaronfrey/Sites/Freelance/PepperLillie-Monday/wp-content/plugins/wp-filebase-pro/wp-filebase.php:59
[24-Jun-2015 17:33:32 UTC] PHP  16. WPFB_AdminLite::CheckChangedVer() /Users/aaronfrey/Sites/Freelance/PepperLillie-Monday/wp-content/plugins/wp-filebase-pro/classes/AdminLite.php:28
[24-Jun-2015 17:33:32 UTC] PHP  17. WPFB_Setup::OnActivateOrVerChange() /Users/aaronfrey/Sites/Freelance/PepperLillie-Monday/wp-content/plugins/wp-filebase-pro/classes/AdminLite.php:154
[24-Jun-2015 17:33:32 UTC] PHP  18. WPFB_File->DBSave() /Users/aaronfrey/Sites/Freelance/PepperLillie-Monday/wp-content/plugins/wp-filebase-pro/classes/Setup.php:673
[24-Jun-2015 17:33:32 UTC] PHP  19. WPFB_File->updateFilePost() /Users/aaronfrey/Sites/Freelance/PepperLillie-Monday/wp-content/plugins/wp-filebase-pro/classes/File.php:234
[24-Jun-2015 17:33:32 UTC] PHP  20. wp_insert_post() /Users/aaronfrey/Sites/Freelance/PepperLillie-Monday/wp-content/plugins/wp-filebase-pro/classes/File.php:701
[24-Jun-2015 17:33:32 UTC] PHP  21. do_action() /Users/aaronfrey/Sites/Freelance/PepperLillie-Monday/wp-includes/post.php:3541
[24-Jun-2015 17:33:32 UTC] PHP  22. call_user_func_array:{/Users/aaronfrey/Sites/Freelance/PepperLillie-Monday/wp-includes/plugin.php:496}() /Users/aaronfrey/Sites/Freelance/PepperLillie-Monday/wp-includes/plugin.php:496
[24-Jun-2015 17:33:32 UTC] PHP  23. SRM_Safe_Redirect_Manager->action_save_post() /Users/aaronfrey/Sites/Freelance/PepperLillie-Monday/wp-includes/plugin.php:496
[24-Jun-2015 17:33:32 UTC] PHP  24. current_user_can() /Users/aaronfrey/Sites/Freelance/PepperLillie-Monday/wp-content/plugins/safe-redirect-manager/safe-redirect-manager.php:516
[24-Jun-2015 17:33:32 UTC] PHP  25. call_user_func_array:{/Users/aaronfrey/Sites/Freelance/PepperLillie-Monday/wp-includes/capabilities.php:1393}() /Users/aaronfrey/Sites/Freelance/PepperLillie-Monday/wp-includes/capabilities.php:1393
[24-Jun-2015 17:33:32 UTC] PHP  26. WP_User->has_cap() /Users/aaronfrey/Sites/Freelance/PepperLillie-Monday/wp-includes/capabilities.php:1393
[24-Jun-2015 17:33:32 UTC] PHP  27. call_user_func_array:{/Users/aaronfrey/Sites/Freelance/PepperLillie-Monday/wp-includes/capabilities.php:999}() /Users/aaronfrey/Sites/Freelance/PepperLillie-Monday/wp-includes/capabilities.php:999
[24-Jun-2015 17:33:32 UTC] PHP  28. map_meta_cap() /Users/aaronfrey/Sites/Freelance/PepperLillie-Monday/wp-includes/capabilities.php:999
[24-Jun-2015 17:33:32 UTC] PHP Notice:  Trying to get property of non-object in /Users/aaronfrey/Sites/Freelance/PepperLillie-Monday/wp-includes/capabilities.php on line 1159
[24-Jun-2015 17:33:32 UTC] PHP Stack trace:
[24-Jun-2015 17:33:32 UTC] PHP   1. {main}() /Users/aaronfrey/Sites/Freelance/PepperLillie-Monday/wp-admin/plugins.php:0
[24-Jun-2015 17:33:32 UTC] PHP   2. activate_plugin() /Users/aaronfrey/Sites/Freelance/PepperLillie-Monday/wp-admin/plugins.php:42
[24-Jun-2015 17:33:32 UTC] PHP   3. do_action() /Users/aaronfrey/Sites/Freelance/PepperLillie-Monday/wp-admin/includes/plugin.php:575
[24-Jun-2015 17:33:32 UTC] PHP   4. call_user_func_array:{/Users/aaronfrey/Sites/Freelance/PepperLillie-Monday/wp-includes/plugin.php:496}() /Users/aaronfrey/Sites/Freelance/PepperLillie-Monday/wp-includes/plugin.php:496
[24-Jun-2015 17:33:32 UTC] PHP   5. wpfilebase_activate() /Users/aaronfrey/Sites/Freelance/PepperLillie-Monday/wp-includes/plugin.php:496
[24-Jun-2015 17:33:32 UTC] PHP   6. wpfb_loadclass() /Users/aaronfrey/Sites/Freelance/PepperLillie-Monday/wp-content/plugins/wp-filebase-pro/wp-filebase.php:90
[24-Jun-2015 17:33:32 UTC] PHP   7. array_map() /Users/aaronfrey/Sites/Freelance/PepperLillie-Monday/wp-content/plugins/wp-filebase-pro/wp-filebase.php:34
[24-Jun-2015 17:33:32 UTC] PHP   8. wpfb_loadclass() /Users/aaronfrey/Sites/Freelance/PepperLillie-Monday/wp-content/plugins/wp-filebase-pro/wp-filebase.php:34
[24-Jun-2015 17:33:32 UTC] PHP   9. call_user_func:{/Users/aaronfrey/Sites/Freelance/PepperLillie-Monday/wp-content/plugins/wp-filebase-pro/wp-filebase.php:59}() /Users/aaronfrey/Sites/Freelance/PepperLillie-Monday/wp-content/plugins/wp-filebase-pro/wp-filebase.php:59
[24-Jun-2015 17:33:32 UTC] PHP  10. WPFB_Admin::InitClass() /Users/aaronfrey/Sites/Freelance/PepperLillie-Monday/wp-content/plugins/wp-filebase-pro/wp-filebase.php:59
[24-Jun-2015 17:33:32 UTC] PHP  11. wpfb_loadclass() /Users/aaronfrey/Sites/Freelance/PepperLillie-Monday/wp-content/plugins/wp-filebase-pro/classes/Admin.php:9
[24-Jun-2015 17:33:32 UTC] PHP  12. array_map() /Users/aaronfrey/Sites/Freelance/PepperLillie-Monday/wp-content/plugins/wp-filebase-pro/wp-filebase.php:34
[24-Jun-2015 17:33:32 UTC] PHP  13. wpfb_loadclass() /Users/aaronfrey/Sites/Freelance/PepperLillie-Monday/wp-content/plugins/wp-filebase-pro/wp-filebase.php:34
[24-Jun-2015 17:33:32 UTC] PHP  14. call_user_func:{/Users/aaronfrey/Sites/Freelance/PepperLillie-Monday/wp-content/plugins/wp-filebase-pro/wp-filebase.php:59}() /Users/aaronfrey/Sites/Freelance/PepperLillie-Monday/wp-content/plugins/wp-filebase-pro/wp-filebase.php:59
[24-Jun-2015 17:33:32 UTC] PHP  15. WPFB_AdminLite::InitClass() /Users/aaronfrey/Sites/Freelance/PepperLillie-Monday/wp-content/plugins/wp-filebase-pro/wp-filebase.php:59
[24-Jun-2015 17:33:32 UTC] PHP  16. WPFB_AdminLite::CheckChangedVer() /Users/aaronfrey/Sites/Freelance/PepperLillie-Monday/wp-content/plugins/wp-filebase-pro/classes/AdminLite.php:28
[24-Jun-2015 17:33:32 UTC] PHP  17. WPFB_Setup::OnActivateOrVerChange() /Users/aaronfrey/Sites/Freelance/PepperLillie-Monday/wp-content/plugins/wp-filebase-pro/classes/AdminLite.php:154
[24-Jun-2015 17:33:32 UTC] PHP  18. WPFB_File->DBSave() /Users/aaronfrey/Sites/Freelance/PepperLillie-Monday/wp-content/plugins/wp-filebase-pro/classes/Setup.php:673
[24-Jun-2015 17:33:32 UTC] PHP  19. WPFB_File->updateFilePost() /Users/aaronfrey/Sites/Freelance/PepperLillie-Monday/wp-content/plugins/wp-filebase-pro/classes/File.php:234
[24-Jun-2015 17:33:32 UTC] PHP  20. wp_insert_post() /Users/aaronfrey/Sites/Freelance/PepperLillie-Monday/wp-content/plugins/wp-filebase-pro/classes/File.php:701
[24-Jun-2015 17:33:32 UTC] PHP  21. do_action() /Users/aaronfrey/Sites/Freelance/PepperLillie-Monday/wp-includes/post.php:3541
[24-Jun-2015 17:33:32 UTC] PHP  22. call_user_func_array:{/Users/aaronfrey/Sites/Freelance/PepperLillie-Monday/wp-includes/plugin.php:496}() /Users/aaronfrey/Sites/Freelance/PepperLillie-Monday/wp-includes/plugin.php:496
[24-Jun-2015 17:33:32 UTC] PHP  23. SRM_Safe_Redirect_Manager->action_save_post() /Users/aaronfrey/Sites/Freelance/PepperLillie-Monday/wp-includes/plugin.php:496
[24-Jun-2015 17:33:32 UTC] PHP  24. current_user_can() /Users/aaronfrey/Sites/Freelance/PepperLillie-Monday/wp-content/plugins/safe-redirect-manager/safe-redirect-manager.php:516
[24-Jun-2015 17:33:32 UTC] PHP  25. call_user_func_array:{/Users/aaronfrey/Sites/Freelance/PepperLillie-Monday/wp-includes/capabilities.php:1393}() /Users/aaronfrey/Sites/Freelance/PepperLillie-Monday/wp-includes/capabilities.php:1393
[24-Jun-2015 17:33:32 UTC] PHP  26. WP_User->has_cap() /Users/aaronfrey/Sites/Freelance/PepperLillie-Monday/wp-includes/capabilities.php:1393
[24-Jun-2015 17:33:32 UTC] PHP  27. call_user_func_array:{/Users/aaronfrey/Sites/Freelance/PepperLillie-Monday/wp-includes/capabilities.php:999}() /Users/aaronfrey/Sites/Freelance/PepperLillie-Monday/wp-includes/capabilities.php:999
[24-Jun-2015 17:33:32 UTC] PHP  28. map_meta_cap() /Users/aaronfrey/Sites/Freelance/PepperLillie-Monday/wp-includes/capabilities.php:999

====================
INIT SYNC
